#
# There is insufficient memory for the Java Runtime Environment to continue.
# Native memory allocation (mmap) failed to map 65536 bytes for Failed to commit metaspace.
# Possible reasons:
#   The system is out of physical RAM or swap space
#   The process is running with CompressedOops enabled, and the Java Heap may be blocking the growth of the native heap
# Possible solutions:
#   Reduce memory load on the system
#   Increase physical memory or swap space
#   Check if swap backing store is full
#   Decrease Java heap size (-Xmx/-Xms)
#   Decrease number of Java threads
#   Decrease Java thread stack sizes (-Xss)
#   Set larger code cache with -XX:ReservedCodeCacheSize=
#   JVM is running with Unscaled Compressed Oops mode in which the Java heap is
#     placed in the first 4GB address space. The Java Heap base address is the
#     maximum limit for the native heap growth. Please use -XX:HeapBaseMinAddress
#     to set the Java Heap base and to place the Java Heap above 4GB virtual address.
# This output file may be truncated or incomplete.
#
#  Out of Memory Error (virtualSpaceNode.cpp:110), pid=11968, tid=22480
#
# JRE version: Java(TM) SE Runtime Environment (18.0.2.1+1) (build 18.0.2.1+1-1)
# Java VM: Java HotSpot(TM) 64-Bit Server VM (18.0.2.1+1-1, mixed mode, sharing, tiered, compressed oops, compressed class ptrs, g1 gc, windows-amd64)
# No core dump will be written. Minidumps are not enabled by default on client versions of Windows
#

---------------  S U M M A R Y ------------

Command Line: -Dfile.encoding=UTF-8 --module-path=C:\Users\delll\Documents\NetBeansProjects\Village Data Management System\build\classes village.data.management.system.AddVillagers

Host: Intel(R) Core(TM) i5-6300HQ CPU @ 2.30GHz, 4 cores, 7G,  Windows 10 , 64 bit Build 19041 (10.0.19041.2913)
Time: Sun May 21 21:55:33 2023 India Standard Time elapsed time: 0.105339 seconds (0d 0h 0m 0s)

---------------  T H R E A D  ---------------

Current thread (0x0000020241742750):  JavaThread "main" [_thread_in_vm, id=22480, stack(0x000000972e800000,0x000000972e900000)]

Stack: [0x000000972e800000,0x000000972e900000]
Native frames: (J=compiled Java code, j=interpreted, Vv=VM code, C=native code)
V  [jvm.dll+0x6993aa]
V  [jvm.dll+0x7f46dd]
V  [jvm.dll+0x7f5fee]
V  [jvm.dll+0x7f66a3]
V  [jvm.dll+0x25cf1f]
V  [jvm.dll+0x7f03eb]
V  [jvm.dll+0x63f526]
V  [jvm.dll+0x63f58a]
V  [jvm.dll+0x641e0e]
V  [jvm.dll+0x641cce]
V  [jvm.dll+0x63feee]
V  [jvm.dll+0x6513f9]
V  [jvm.dll+0x64a7e4]
V  [jvm.dll+0x3a1c01]
C  0x000002024907c727

Java frames: (J=compiled Java code, j=interpreted, Vv=VM code)
j  java.util.zip.ZipFile.ensureOpenOrZipException()V+0 java.base@18.0.2.1
j  java.util.zip.ZipFile$ZipFileInputStream.read([BII)I+12 java.base@18.0.2.1
j  java.util.zip.ZipFile$ZipFileInflaterInputStream.fill()V+32 java.base@18.0.2.1
j  java.util.zip.InflaterInputStream.read([BII)I+84 java.base@18.0.2.1
j  java.io.InputStream.readNBytes([BII)I+27 java.base@18.0.2.1
j  java.util.jar.JarFile.getBytes(Ljava/util/zip/ZipEntry;)[B+77 java.base@18.0.2.1
j  java.util.jar.JarFile.checkForSpecialAttributes()V+33 java.base@18.0.2.1
j  java.util.jar.JarFile.hasClassPathAttribute()Z+1 java.base@18.0.2.1
j  java.util.jar.JavaUtilJarAccessImpl.jarFileHasClassPathAttribute(Ljava/util/jar/JarFile;)Z+1 java.base@18.0.2.1
j  jdk.internal.loader.URLClassPath$JarLoader.getClassPath()[Ljava/net/URL;+20 java.base@18.0.2.1
j  jdk.internal.loader.URLClassPath.getLoader(I)Ljdk/internal/loader/URLClassPath$Loader;+88 java.base@18.0.2.1
j  jdk.internal.loader.URLClassPath.getResource(Ljava/lang/String;Z)Ljdk/internal/loader/Resource;+42 java.base@18.0.2.1
j  jdk.internal.loader.BuiltinClassLoader.findClassOnClassPathOrNull(Ljava/lang/String;)Ljava/lang/Class;+26 java.base@18.0.2.1
j  jdk.internal.loader.BuiltinClassLoader.loadClassOrNull(Ljava/lang/String;Z)Ljava/lang/Class;+111 java.base@18.0.2.1
j  jdk.internal.loader.BuiltinClassLoader.loadClass(Ljava/lang/String;Z)Ljava/lang/Class;+3 java.base@18.0.2.1
j  jdk.internal.loader.ClassLoaders$AppClassLoader.loadClass(Ljava/lang/String;Z)Ljava/lang/Class;+36 java.base@18.0.2.1
j  java.lang.ClassLoader.loadClass(Ljava/lang/String;)Ljava/lang/Class;+3 java.base@18.0.2.1
v  ~StubRoutines::call_stub
j  java.lang.Class.forName0(Ljava/lang/String;ZLjava/lang/ClassLoader;Ljava/lang/Class;)Ljava/lang/Class;+0 java.base@18.0.2.1
j  java.lang.Class.forName(Ljava/lang/String;ZLjava/lang/ClassLoader;Ljava/lang/Class;)Ljava/lang/Class;+37 java.base@18.0.2.1
j  java.lang.Class.forName(Ljava/lang/String;ZLjava/lang/ClassLoader;)Ljava/lang/Class;+20 java.base@18.0.2.1
j  sun.launcher.LauncherHelper.loadMainClass(ILjava/lang/String;)Ljava/lang/Class;+95 java.base@18.0.2.1
j  sun.launcher.LauncherHelper.checkAndLoadMain(ZILjava/lang/String;)Ljava/lang/Class;+42 java.base@18.0.2.1
v  ~StubRoutines::call_stub

---------------  P R O C E S S  ---------------

Threads class SMR info:
_java_thread_list=0x00000202630e2d20, length=12, elements={
0x0000020241742750, 0x000002025edd82c0, 0x000002025eddce40, 0x000002025edf3480,
0x000002025edf3d30, 0x000002025edf4720, 0x000002025edf5110, 0x000002025edf5e30,
0x000002025edf6720, 0x000002025ee3e6d0, 0x000002025edc4b70, 0x0000020263124d50
}

Java Threads: ( => current thread )
=>0x0000020241742750 JavaThread "main" [_thread_in_vm, id=22480, stack(0x000000972e800000,0x000000972e900000)]
  0x000002025edd82c0 JavaThread "Reference Handler" daemon [_thread_blocked, id=22424, stack(0x000000972ef00000,0x000000972f000000)]
  0x000002025eddce40 JavaThread "Finalizer" daemon [_thread_blocked, id=22428, stack(0x000000972f000000,0x000000972f100000)]
  0x000002025edf3480 JavaThread "Signal Dispatcher" daemon [_thread_blocked, id=22408, stack(0x000000972f100000,0x000000972f200000)]
  0x000002025edf3d30 JavaThread "Attach Listener" daemon [_thread_blocked, id=10620, stack(0x000000972f200000,0x000000972f300000)]
  0x000002025edf4720 JavaThread "Service Thread" daemon [_thread_blocked, id=20932, stack(0x000000972f300000,0x000000972f400000)]
  0x000002025edf5110 JavaThread "Monitor Deflation Thread" daemon [_thread_blocked, id=21588, stack(0x000000972f400000,0x000000972f500000)]
  0x000002025edf5e30 JavaThread "C2 CompilerThread0" daemon [_thread_blocked, id=22448, stack(0x000000972f500000,0x000000972f600000)]
  0x000002025edf6720 JavaThread "C1 CompilerThread0" daemon [_thread_in_vm, id=22444, stack(0x000000972f600000,0x000000972f700000)]
  0x000002025ee3e6d0 JavaThread "Sweeper thread" daemon [_thread_blocked, id=18720, stack(0x000000972f700000,0x000000972f800000)]
  0x000002025edc4b70 JavaThread "Common-Cleaner" daemon [_thread_blocked, id=22000, stack(0x000000972f800000,0x000000972f900000)]
  0x0000020263124d50 JavaThread "Notification Thread" daemon [_thread_blocked, id=22476, stack(0x000000972f900000,0x000000972fa00000)]

Other Threads:
  0x000002025edd43b0 VMThread "VM Thread" [stack: 0x000000972ee00000,0x000000972ef00000] [id=22420]
  0x0000020263136ce0 WatcherThread "VM Periodic Task Thread" [stack: 0x000000972fa00000,0x000000972fb00000] [id=21596]
  0x000002024179e0b0 WorkerThread "GC Thread#0" [stack: 0x000000972e900000,0x000000972ea00000] [id=22464]
  0x00000202417af480 ConcurrentGCThread "G1 Main Marker" [stack: 0x000000972ea00000,0x000000972eb00000] [id=22284]
  0x00000202417b0520 WorkerThread "G1 Conc#0" [stack: 0x000000972eb00000,0x000000972ec00000] [id=22368]
  0x00000202417ecea0 ConcurrentGCThread "G1 Refine#0" [stack: 0x000000972ec00000,0x000000972ed00000] [id=22456]
  0x00000202417ed6c0 ConcurrentGCThread "G1 Service" [stack: 0x000000972ed00000,0x000000972ee00000] [id=22432]

Threads with active compile tasks:
C1 CompilerThread0      134  186       3       java.util.zip.ZipFile$Source::nextEntryPos (22 bytes)

VM state: not at safepoint (normal execution)

VM Mutex/Monitor currently owned by a thread:  ([mutex/lock_event])
[0x000002024173c340] Metaspace_lock - owner thread: 0x0000020241742750
[0x000002024173dda0] MethodData_lock - owner thread: 0x000002025edf6720

Heap address: 0x0000000085400000, size: 1964 MB, Compressed Oops mode: 32-bit

CDS archive(s) mapped at: [0x0000000800000000-0x0000000800ba0000-0x0000000800ba0000), size 12189696, SharedBaseAddress: 0x0000000800000000, ArchiveRelocationMode: 0.
Compressed class space mapped at: 0x0000000800c00000-0x0000000840c00000, reserved size: 1073741824
Narrow klass base: 0x0000000800000000, Narrow klass shift: 0, Narrow klass range: 0x100000000

GC Precious Log:
 CardTable entry size: 512
 Card Set container configuration: InlinePtr #cards 5 size 8 Array Of Cards #cards 12 size 40 Howl #buckets 4 coarsen threshold 1843 Howl Bitmap #cards 512 size 80 coarsen threshold 460 Card regions per heap region 1 cards per card region 2048
 CPUs: 4 total, 4 available
 Memory: 7854M
 Large Page Support: Disabled
 NUMA Support: Disabled
 Compressed Oops: Enabled (32-bit)
 Heap Region Size: 1M
 Heap Min Capacity: 8M
 Heap Initial Capacity: 124M
 Heap Max Capacity: 1964M
 Pre-touch: Disabled
 Parallel Workers: 4
 Concurrent Workers: 1
 Concurrent Refinement Workers: 4
 Periodic GC: Disabled

Heap:
 garbage-first heap   total 126976K, used 1024K [0x0000000085400000, 0x0000000100000000)
  region size 1024K, 2 young (2048K), 0 survivors (0K)
 Metaspace       used 342K, committed 512K, reserved 1114112K
  class space    used 20K, committed 128K, reserved 1048576K

Heap Regions: E=young(eden), S=young(survivor), O=old, HS=humongous(starts), HC=humongous(continues), CS=collection set, F=free, OA=open archive, CA=closed archive, TAMS=top-at-mark-start (previous, next)
|   0|0x0000000085400000, 0x0000000085400000, 0x0000000085500000|  0%| F|  |TAMS 0x0000000085400000, 0x0000000085400000| Untracked 
|   1|0x0000000085500000, 0x0000000085500000, 0x0000000085600000|  0%| F|  |TAMS 0x0000000085500000, 0x0000000085500000| Untracked 
|   2|0x0000000085600000, 0x0000000085600000, 0x0000000085700000|  0%| F|  |TAMS 0x0000000085600000, 0x0000000085600000| Untracked 
|   3|0x0000000085700000, 0x0000000085700000, 0x0000000085800000|  0%| F|  |TAMS 0x0000000085700000, 0x0000000085700000| Untracked 
|   4|0x0000000085800000, 0x0000000085800000, 0x0000000085900000|  0%| F|  |TAMS 0x0000000085800000, 0x0000000085800000| Untracked 
|   5|0x0000000085900000, 0x0000000085900000, 0x0000000085a00000|  0%| F|  |TAMS 0x0000000085900000, 0x0000000085900000| Untracked 
|   6|0x0000000085a00000, 0x0000000085a00000, 0x0000000085b00000|  0%| F|  |TAMS 0x0000000085a00000, 0x0000000085a00000| Untracked 
|   7|0x0000000085b00000, 0x0000000085b00000, 0x0000000085c00000|  0%| F|  |TAMS 0x0000000085b00000, 0x0000000085b00000| Untracked 
|   8|0x0000000085c00000, 0x0000000085c00000, 0x0000000085d00000|  0%| F|  |TAMS 0x0000000085c00000, 0x0000000085c00000| Untracked 
|   9|0x0000000085d00000, 0x0000000085d00000, 0x0000000085e00000|  0%| F|  |TAMS 0x0000000085d00000, 0x0000000085d00000| Untracked 
|  10|0x0000000085e00000, 0x0000000085e00000, 0x0000000085f00000|  0%| F|  |TAMS 0x0000000085e00000, 0x0000000085e00000| Untracked 
|  11|0x0000000085f00000, 0x0000000085f00000, 0x0000000086000000|  0%| F|  |TAMS 0x0000000085f00000, 0x0000000085f00000| Untracked 
|  12|0x0000000086000000, 0x0000000086000000, 0x0000000086100000|  0%| F|  |TAMS 0x0000000086000000, 0x0000000086000000| Untracked 
|  13|0x0000000086100000, 0x0000000086100000, 0x0000000086200000|  0%| F|  |TAMS 0x0000000086100000, 0x0000000086100000| Untracked 
|  14|0x0000000086200000, 0x0000000086200000, 0x0000000086300000|  0%| F|  |TAMS 0x0000000086200000, 0x0000000086200000| Untracked 
|  15|0x0000000086300000, 0x0000000086300000, 0x0000000086400000|  0%| F|  |TAMS 0x0000000086300000, 0x0000000086300000| Untracked 
|  16|0x0000000086400000, 0x0000000086400000, 0x0000000086500000|  0%| F|  |TAMS 0x0000000086400000, 0x0000000086400000| Untracked 
|  17|0x0000000086500000, 0x0000000086500000, 0x0000000086600000|  0%| F|  |TAMS 0x0000000086500000, 0x0000000086500000| Untracked 
|  18|0x0000000086600000, 0x0000000086600000, 0x0000000086700000|  0%| F|  |TAMS 0x0000000086600000, 0x0000000086600000| Untracked 
|  19|0x0000000086700000, 0x0000000086700000, 0x0000000086800000|  0%| F|  |TAMS 0x0000000086700000, 0x0000000086700000| Untracked 
|  20|0x0000000086800000, 0x0000000086800000, 0x0000000086900000|  0%| F|  |TAMS 0x0000000086800000, 0x0000000086800000| Untracked 
|  21|0x0000000086900000, 0x0000000086900000, 0x0000000086a00000|  0%| F|  |TAMS 0x0000000086900000, 0x0000000086900000| Untracked 
|  22|0x0000000086a00000, 0x0000000086a00000, 0x0000000086b00000|  0%| F|  |TAMS 0x0000000086a00000, 0x0000000086a00000| Untracked 
|  23|0x0000000086b00000, 0x0000000086b00000, 0x0000000086c00000|  0%| F|  |TAMS 0x0000000086b00000, 0x0000000086b00000| Untracked 
|  24|0x0000000086c00000, 0x0000000086c00000, 0x0000000086d00000|  0%| F|  |TAMS 0x0000000086c00000, 0x0000000086c00000| Untracked 
|  25|0x0000000086d00000, 0x0000000086d00000, 0x0000000086e00000|  0%| F|  |TAMS 0x0000000086d00000, 0x0000000086d00000| Untracked 
|  26|0x0000000086e00000, 0x0000000086e00000, 0x0000000086f00000|  0%| F|  |TAMS 0x0000000086e00000, 0x0000000086e00000| Untracked 
|  27|0x0000000086f00000, 0x0000000086f00000, 0x0000000087000000|  0%| F|  |TAMS 0x0000000086f00000, 0x0000000086f00000| Untracked 
|  28|0x0000000087000000, 0x0000000087000000, 0x0000000087100000|  0%| F|  |TAMS 0x0000000087000000, 0x0000000087000000| Untracked 
|  29|0x0000000087100000, 0x0000000087100000, 0x0000000087200000|  0%| F|  |TAMS 0x0000000087100000, 0x0000000087100000| Untracked 
|  30|0x0000000087200000, 0x0000000087200000, 0x0000000087300000|  0%| F|  |TAMS 0x0000000087200000, 0x0000000087200000| Untracked 
|  31|0x0000000087300000, 0x0000000087300000, 0x0000000087400000|  0%| F|  |TAMS 0x0000000087300000, 0x0000000087300000| Untracked 
|  32|0x0000000087400000, 0x0000000087400000, 0x0000000087500000|  0%| F|  |TAMS 0x0000000087400000, 0x0000000087400000| Untracked 
|  33|0x0000000087500000, 0x0000000087500000, 0x0000000087600000|  0%| F|  |TAMS 0x0000000087500000, 0x0000000087500000| Untracked 
|  34|0x0000000087600000, 0x0000000087600000, 0x0000000087700000|  0%| F|  |TAMS 0x0000000087600000, 0x0000000087600000| Untracked 
|  35|0x0000000087700000, 0x0000000087700000, 0x0000000087800000|  0%| F|  |TAMS 0x0000000087700000, 0x0000000087700000| Untracked 
|  36|0x0000000087800000, 0x0000000087800000, 0x0000000087900000|  0%| F|  |TAMS 0x0000000087800000, 0x0000000087800000| Untracked 
|  37|0x0000000087900000, 0x0000000087900000, 0x0000000087a00000|  0%| F|  |TAMS 0x0000000087900000, 0x0000000087900000| Untracked 
|  38|0x0000000087a00000, 0x0000000087a00000, 0x0000000087b00000|  0%| F|  |TAMS 0x0000000087a00000, 0x0000000087a00000| Untracked 
|  39|0x0000000087b00000, 0x0000000087b00000, 0x0000000087c00000|  0%| F|  |TAMS 0x0000000087b00000, 0x0000000087b00000| Untracked 
|  40|0x0000000087c00000, 0x0000000087c00000, 0x0000000087d00000|  0%| F|  |TAMS 0x0000000087c00000, 0x0000000087c00000| Untracked 
|  41|0x0000000087d00000, 0x0000000087d00000, 0x0000000087e00000|  0%| F|  |TAMS 0x0000000087d00000, 0x0000000087d00000| Untracked 
|  42|0x0000000087e00000, 0x0000000087e00000, 0x0000000087f00000|  0%| F|  |TAMS 0x0000000087e00000, 0x0000000087e00000| Untracked 
|  43|0x0000000087f00000, 0x0000000087f00000, 0x0000000088000000|  0%| F|  |TAMS 0x0000000087f00000, 0x0000000087f00000| Untracked 
|  44|0x0000000088000000, 0x0000000088000000, 0x0000000088100000|  0%| F|  |TAMS 0x0000000088000000, 0x0000000088000000| Untracked 
|  45|0x0000000088100000, 0x0000000088100000, 0x0000000088200000|  0%| F|  |TAMS 0x0000000088100000, 0x0000000088100000| Untracked 
|  46|0x0000000088200000, 0x0000000088200000, 0x0000000088300000|  0%| F|  |TAMS 0x0000000088200000, 0x0000000088200000| Untracked 
|  47|0x0000000088300000, 0x0000000088300000, 0x0000000088400000|  0%| F|  |TAMS 0x0000000088300000, 0x0000000088300000| Untracked 
|  48|0x0000000088400000, 0x0000000088400000, 0x0000000088500000|  0%| F|  |TAMS 0x0000000088400000, 0x0000000088400000| Untracked 
|  49|0x0000000088500000, 0x0000000088500000, 0x0000000088600000|  0%| F|  |TAMS 0x0000000088500000, 0x0000000088500000| Untracked 
|  50|0x0000000088600000, 0x0000000088600000, 0x0000000088700000|  0%| F|  |TAMS 0x0000000088600000, 0x0000000088600000| Untracked 
|  51|0x0000000088700000, 0x0000000088700000, 0x0000000088800000|  0%| F|  |TAMS 0x0000000088700000, 0x0000000088700000| Untracked 
|  52|0x0000000088800000, 0x0000000088800000, 0x0000000088900000|  0%| F|  |TAMS 0x0000000088800000, 0x0000000088800000| Untracked 
|  53|0x0000000088900000, 0x0000000088900000, 0x0000000088a00000|  0%| F|  |TAMS 0x0000000088900000, 0x0000000088900000| Untracked 
|  54|0x0000000088a00000, 0x0000000088a00000, 0x0000000088b00000|  0%| F|  |TAMS 0x0000000088a00000, 0x0000000088a00000| Untracked 
|  55|0x0000000088b00000, 0x0000000088b00000, 0x0000000088c00000|  0%| F|  |TAMS 0x0000000088b00000, 0x0000000088b00000| Untracked 
|  56|0x0000000088c00000, 0x0000000088c00000, 0x0000000088d00000|  0%| F|  |TAMS 0x0000000088c00000, 0x0000000088c00000| Untracked 
|  57|0x0000000088d00000, 0x0000000088d00000, 0x0000000088e00000|  0%| F|  |TAMS 0x0000000088d00000, 0x0000000088d00000| Untracked 
|  58|0x0000000088e00000, 0x0000000088e00000, 0x0000000088f00000|  0%| F|  |TAMS 0x0000000088e00000, 0x0000000088e00000| Untracked 
|  59|0x0000000088f00000, 0x0000000088f00000, 0x0000000089000000|  0%| F|  |TAMS 0x0000000088f00000, 0x0000000088f00000| Untracked 
|  60|0x0000000089000000, 0x0000000089000000, 0x0000000089100000|  0%| F|  |TAMS 0x0000000089000000, 0x0000000089000000| Untracked 
|  61|0x0000000089100000, 0x0000000089100000, 0x0000000089200000|  0%| F|  |TAMS 0x0000000089100000, 0x0000000089100000| Untracked 
|  62|0x0000000089200000, 0x0000000089200000, 0x0000000089300000|  0%| F|  |TAMS 0x0000000089200000, 0x0000000089200000| Untracked 
|  63|0x0000000089300000, 0x0000000089300000, 0x0000000089400000|  0%| F|  |TAMS 0x0000000089300000, 0x0000000089300000| Untracked 
|  64|0x0000000089400000, 0x0000000089400000, 0x0000000089500000|  0%| F|  |TAMS 0x0000000089400000, 0x0000000089400000| Untracked 
|  65|0x0000000089500000, 0x0000000089500000, 0x0000000089600000|  0%| F|  |TAMS 0x0000000089500000, 0x0000000089500000| Untracked 
|  66|0x0000000089600000, 0x0000000089600000, 0x0000000089700000|  0%| F|  |TAMS 0x0000000089600000, 0x0000000089600000| Untracked 
|  67|0x0000000089700000, 0x0000000089700000, 0x0000000089800000|  0%| F|  |TAMS 0x0000000089700000, 0x0000000089700000| Untracked 
|  68|0x0000000089800000, 0x0000000089800000, 0x0000000089900000|  0%| F|  |TAMS 0x0000000089800000, 0x0000000089800000| Untracked 
|  69|0x0000000089900000, 0x0000000089900000, 0x0000000089a00000|  0%| F|  |TAMS 0x0000000089900000, 0x0000000089900000| Untracked 
|  70|0x0000000089a00000, 0x0000000089a00000, 0x0000000089b00000|  0%| F|  |TAMS 0x0000000089a00000, 0x0000000089a00000| Untracked 
|  71|0x0000000089b00000, 0x0000000089b00000, 0x0000000089c00000|  0%| F|  |TAMS 0x0000000089b00000, 0x0000000089b00000| Untracked 
|  72|0x0000000089c00000, 0x0000000089c00000, 0x0000000089d00000|  0%| F|  |TAMS 0x0000000089c00000, 0x0000000089c00000| Untracked 
|  73|0x0000000089d00000, 0x0000000089d00000, 0x0000000089e00000|  0%| F|  |TAMS 0x0000000089d00000, 0x0000000089d00000| Untracked 
|  74|0x0000000089e00000, 0x0000000089e00000, 0x0000000089f00000|  0%| F|  |TAMS 0x0000000089e00000, 0x0000000089e00000| Untracked 
|  75|0x0000000089f00000, 0x0000000089f00000, 0x000000008a000000|  0%| F|  |TAMS 0x0000000089f00000, 0x0000000089f00000| Untracked 
|  76|0x000000008a000000, 0x000000008a000000, 0x000000008a100000|  0%| F|  |TAMS 0x000000008a000000, 0x000000008a000000| Untracked 
|  77|0x000000008a100000, 0x000000008a100000, 0x000000008a200000|  0%| F|  |TAMS 0x000000008a100000, 0x000000008a100000| Untracked 
|  78|0x000000008a200000, 0x000000008a200000, 0x000000008a300000|  0%| F|  |TAMS 0x000000008a200000, 0x000000008a200000| Untracked 
|  79|0x000000008a300000, 0x000000008a300000, 0x000000008a400000|  0%| F|  |TAMS 0x000000008a300000, 0x000000008a300000| Untracked 
|  80|0x000000008a400000, 0x000000008a400000, 0x000000008a500000|  0%| F|  |TAMS 0x000000008a400000, 0x000000008a400000| Untracked 
|  81|0x000000008a500000, 0x000000008a500000, 0x000000008a600000|  0%| F|  |TAMS 0x000000008a500000, 0x000000008a500000| Untracked 
|  82|0x000000008a600000, 0x000000008a600000, 0x000000008a700000|  0%| F|  |TAMS 0x000000008a600000, 0x000000008a600000| Untracked 
|  83|0x000000008a700000, 0x000000008a700000, 0x000000008a800000|  0%| F|  |TAMS 0x000000008a700000, 0x000000008a700000| Untracked 
|  84|0x000000008a800000, 0x000000008a800000, 0x000000008a900000|  0%| F|  |TAMS 0x000000008a800000, 0x000000008a800000| Untracked 
|  85|0x000000008a900000, 0x000000008a900000, 0x000000008aa00000|  0%| F|  |TAMS 0x000000008a900000, 0x000000008a900000| Untracked 
|  86|0x000000008aa00000, 0x000000008aa00000, 0x000000008ab00000|  0%| F|  |TAMS 0x000000008aa00000, 0x000000008aa00000| Untracked 
|  87|0x000000008ab00000, 0x000000008ab00000, 0x000000008ac00000|  0%| F|  |TAMS 0x000000008ab00000, 0x000000008ab00000| Untracked 
|  88|0x000000008ac00000, 0x000000008ac00000, 0x000000008ad00000|  0%| F|  |TAMS 0x000000008ac00000, 0x000000008ac00000| Untracked 
|  89|0x000000008ad00000, 0x000000008ad00000, 0x000000008ae00000|  0%| F|  |TAMS 0x000000008ad00000, 0x000000008ad00000| Untracked 
|  90|0x000000008ae00000, 0x000000008ae00000, 0x000000008af00000|  0%| F|  |TAMS 0x000000008ae00000, 0x000000008ae00000| Untracked 
|  91|0x000000008af00000, 0x000000008af00000, 0x000000008b000000|  0%| F|  |TAMS 0x000000008af00000, 0x000000008af00000| Untracked 
|  92|0x000000008b000000, 0x000000008b000000, 0x000000008b100000|  0%| F|  |TAMS 0x000000008b000000, 0x000000008b000000| Untracked 
|  93|0x000000008b100000, 0x000000008b100000, 0x000000008b200000|  0%| F|  |TAMS 0x000000008b100000, 0x000000008b100000| Untracked 
|  94|0x000000008b200000, 0x000000008b200000, 0x000000008b300000|  0%| F|  |TAMS 0x000000008b200000, 0x000000008b200000| Untracked 
|  95|0x000000008b300000, 0x000000008b300000, 0x000000008b400000|  0%| F|  |TAMS 0x000000008b300000, 0x000000008b300000| Untracked 
|  96|0x000000008b400000, 0x000000008b400000, 0x000000008b500000|  0%| F|  |TAMS 0x000000008b400000, 0x000000008b400000| Untracked 
|  97|0x000000008b500000, 0x000000008b500000, 0x000000008b600000|  0%| F|  |TAMS 0x000000008b500000, 0x000000008b500000| Untracked 
|  98|0x000000008b600000, 0x000000008b600000, 0x000000008b700000|  0%| F|  |TAMS 0x000000008b600000, 0x000000008b600000| Untracked 
|  99|0x000000008b700000, 0x000000008b700000, 0x000000008b800000|  0%| F|  |TAMS 0x000000008b700000, 0x000000008b700000| Untracked 
| 100|0x000000008b800000, 0x000000008b800000, 0x000000008b900000|  0%| F|  |TAMS 0x000000008b800000, 0x000000008b800000| Untracked 
| 101|0x000000008b900000, 0x000000008b900000, 0x000000008ba00000|  0%| F|  |TAMS 0x000000008b900000, 0x000000008b900000| Untracked 
| 102|0x000000008ba00000, 0x000000008ba00000, 0x000000008bb00000|  0%| F|  |TAMS 0x000000008ba00000, 0x000000008ba00000| Untracked 
| 103|0x000000008bb00000, 0x000000008bb00000, 0x000000008bc00000|  0%| F|  |TAMS 0x000000008bb00000, 0x000000008bb00000| Untracked 
| 104|0x000000008bc00000, 0x000000008bc00000, 0x000000008bd00000|  0%| F|  |TAMS 0x000000008bc00000, 0x000000008bc00000| Untracked 
| 105|0x000000008bd00000, 0x000000008bd00000, 0x000000008be00000|  0%| F|  |TAMS 0x000000008bd00000, 0x000000008bd00000| Untracked 
| 106|0x000000008be00000, 0x000000008be00000, 0x000000008bf00000|  0%| F|  |TAMS 0x000000008be00000, 0x000000008be00000| Untracked 
| 107|0x000000008bf00000, 0x000000008bf00000, 0x000000008c000000|  0%| F|  |TAMS 0x000000008bf00000, 0x000000008bf00000| Untracked 
| 108|0x000000008c000000, 0x000000008c000000, 0x000000008c100000|  0%| F|  |TAMS 0x000000008c000000, 0x000000008c000000| Untracked 
| 109|0x000000008c100000, 0x000000008c100000, 0x000000008c200000|  0%| F|  |TAMS 0x000000008c100000, 0x000000008c100000| Untracked 
| 110|0x000000008c200000, 0x000000008c200000, 0x000000008c300000|  0%| F|  |TAMS 0x000000008c200000, 0x000000008c200000| Untracked 
| 111|0x000000008c300000, 0x000000008c300000, 0x000000008c400000|  0%| F|  |TAMS 0x000000008c300000, 0x000000008c300000| Untracked 
| 112|0x000000008c400000, 0x000000008c400000, 0x000000008c500000|  0%| F|  |TAMS 0x000000008c400000, 0x000000008c400000| Untracked 
| 113|0x000000008c500000, 0x000000008c500000, 0x000000008c600000|  0%| F|  |TAMS 0x000000008c500000, 0x000000008c500000| Untracked 
| 114|0x000000008c600000, 0x000000008c600000, 0x000000008c700000|  0%| F|  |TAMS 0x000000008c600000, 0x000000008c600000| Untracked 
| 115|0x000000008c700000, 0x000000008c700000, 0x000000008c800000|  0%| F|  |TAMS 0x000000008c700000, 0x000000008c700000| Untracked 
| 116|0x000000008c800000, 0x000000008c800000, 0x000000008c900000|  0%| F|  |TAMS 0x000000008c800000, 0x000000008c800000| Untracked 
| 117|0x000000008c900000, 0x000000008c900000, 0x000000008ca00000|  0%| F|  |TAMS 0x000000008c900000, 0x000000008c900000| Untracked 
| 118|0x000000008ca00000, 0x000000008ca00000, 0x000000008cb00000|  0%| F|  |TAMS 0x000000008ca00000, 0x000000008ca00000| Untracked 
| 119|0x000000008cb00000, 0x000000008cb00000, 0x000000008cc00000|  0%| F|  |TAMS 0x000000008cb00000, 0x000000008cb00000| Untracked 
| 120|0x000000008cc00000, 0x000000008cc00000, 0x000000008cd00000|  0%| F|  |TAMS 0x000000008cc00000, 0x000000008cc00000| Untracked 
| 121|0x000000008cd00000, 0x000000008cd00000, 0x000000008ce00000|  0%| F|  |TAMS 0x000000008cd00000, 0x000000008cd00000| Untracked 
| 122|0x000000008ce00000, 0x000000008cf00000, 0x000000008cf00000|100%| E|  |TAMS 0x000000008ce00000, 0x000000008ce00000| Complete 
| 123|0x000000008cf00000, 0x000000008d000000, 0x000000008d000000|100%| E|CS|TAMS 0x000000008cf00000, 0x000000008cf00000| Complete 

Card table byte_map: [0x0000020258450000,0x0000020258830000] _byte_map_base: 0x0000020258026000

Marking Bits (Prev, Next): (CMBitMap*) 0x000002024179f5d0, (CMBitMap*) 0x000002024179f610
 Prev Bits: [0x0000020258c10000, 0x000002025aac0000)
 Next Bits: [0x000002025aac0000, 0x000002025c970000)

Polling page: 0x000002023f6e0000

Metaspace:

Usage:
  Non-class:    322.33 KB used.
      Class:     20.64 KB used.
       Both:    342.97 KB used.

Virtual space:
  Non-class space:       64.00 MB reserved,     384.00 KB ( <1%) committed,  1 nodes.
      Class space:        1.00 GB reserved,     128.00 KB ( <1%) committed,  1 nodes.
             Both:        1.06 GB reserved,     512.00 KB ( <1%) committed. 

Chunk freelists:
   Non-Class:  4.00 MB
       Class:  3.75 MB
        Both:  7.74 MB

MaxMetaspaceSize: unlimited
CompressedClassSpaceSize: 1.00 GB
Initial GC threshold: 21.00 MB
Current GC threshold: 21.00 MB
CDS: on
MetaspaceReclaimPolicy: balanced
 - commit_granule_bytes: 65536.
 - commit_granule_words: 8192.
 - virtual_space_node_default_size: 8388608.
 - enlarge_chunks_in_place: 1.
 - new_chunks_are_fully_committed: 0.
 - uncommit_free_chunks: 1.
 - use_allocation_guard: 0.


Internal statistics:

num_allocs_failed_limit: 0.
num_arena_births: 6.
num_arena_deaths: 0.
num_vsnodes_births: 2.
num_vsnodes_deaths: 0.
num_space_committed: 8.
num_space_uncommitted: 0.
num_chunks_returned_to_freelist: 0.
num_chunks_taken_from_freelist: 7.
num_chunk_merges: 0.
num_chunk_splits: 4.
num_chunks_enlarged: 2.
num_inconsistent_stats: 0.

CodeHeap 'non-profiled nmethods': size=120000Kb used=62Kb max_used=62Kb free=119937Kb
 bounds [0x0000020250b40000, 0x0000020250db0000, 0x0000020258070000]
CodeHeap 'profiled nmethods': size=120000Kb used=196Kb max_used=196Kb free=119803Kb
 bounds [0x0000020249610000, 0x0000020249880000, 0x0000020250b40000]
CodeHeap 'non-nmethods': size=5760Kb used=1104Kb max_used=1123Kb free=4655Kb
 bounds [0x0000020249070000, 0x00000202492e0000, 0x0000020249610000]
 total_blobs=555 nmethods=187 adapters=281
 compilation: enabled
              stopped_count=0, restarted_count=0
 full_count=0

Compilation events (20 events):
Event: 0.100 Thread 0x000002025edf6720 nmethod 175 0x000002024963b610 code [0x000002024963b800, 0x000002024963bc18]
Event: 0.100 Thread 0x000002025edf6720  176       1       java.util.zip.ZipCoder$UTF8ZipCoder::isUTF8 (2 bytes)
Event: 0.100 Thread 0x000002025edf6720 nmethod 176 0x0000020250b4db10 code [0x0000020250b4dca0, 0x0000020250b4dd78]
Event: 0.100 Thread 0x000002025edf6720  178       3       java.util.zip.ZipUtils::LG (22 bytes)
Event: 0.100 Thread 0x000002025edf6720 nmethod 178 0x000002024963be10 code [0x000002024963bfc0, 0x000002024963c238]
Event: 0.100 Thread 0x000002025edf6720  184       3       java.util.zip.ZipFile$Source::zipCoderForPos (39 bytes)
Event: 0.100 Thread 0x000002025edf6720 nmethod 184 0x000002024963c390 code [0x000002024963c560, 0x000002024963c948]
Event: 0.100 Thread 0x000002025edf6720  187       3       java.util.zip.ZipUtils::CENCOM (9 bytes)
Event: 0.100 Thread 0x000002025edf6720 nmethod 187 0x000002024963cb10 code [0x000002024963cca0, 0x000002024963ce58]
Event: 0.100 Thread 0x000002025edf6720  188       3       java.util.zip.ZipUtils::CENEXT (9 bytes)
Event: 0.100 Thread 0x000002025edf6720 nmethod 188 0x000002024963cf90 code [0x000002024963d120, 0x000002024963d2d8]
Event: 0.100 Thread 0x000002025edf6720  185       3       java.util.zip.ZipFile$Source::isMetaName (141 bytes)
Event: 0.101 Thread 0x000002025edf6720 nmethod 185 0x000002024963d410 code [0x000002024963d5c0, 0x000002024963dad8]
Event: 0.101 Thread 0x000002025edf6720  183       3       java.util.zip.ZipUtils::CENNAM (9 bytes)
Event: 0.101 Thread 0x000002025edf6720 nmethod 183 0x000002024963dc90 code [0x000002024963de20, 0x000002024963dfd8]
Event: 0.101 Thread 0x000002025edf6720  181       3       java.util.zip.ZipUtils::CENHOW (9 bytes)
Event: 0.101 Thread 0x000002025edf6720 nmethod 181 0x000002024963e110 code [0x000002024963e2a0, 0x000002024963e458]
Event: 0.101 Thread 0x000002025edf6720  182       3       java.util.zip.ZipUtils::CENFLG (9 bytes)
Event: 0.101 Thread 0x000002025edf6720 nmethod 182 0x000002024963e590 code [0x000002024963e720, 0x000002024963e8d8]
Event: 0.101 Thread 0x000002025edf6720  179   !   3       java.util.zip.ZipFile$Source::checkAndAddEntry (209 bytes)

GC Heap History (0 events):
No events

Deoptimization events (0 events):
No events

Classes loaded (20 events):
Event: 0.083 Loading class java/nio/file/NoSuchFileException
Event: 0.083 Loading class java/nio/file/FileSystemException
Event: 0.083 Loading class java/io/IOException
Event: 0.083 Loading class java/io/IOException done
Event: 0.083 Loading class java/nio/file/FileSystemException done
Event: 0.083 Loading class java/nio/file/NoSuchFileException done
Event: 0.083 Loading class java/nio/file/Files$AcceptAllFilter
Event: 0.083 Loading class java/nio/file/DirectoryStream$Filter
Event: 0.083 Loading class java/nio/file/DirectoryStream$Filter done
Event: 0.083 Loading class java/nio/file/Files$AcceptAllFilter done
Event: 0.083 Loading class sun/nio/fs/WindowsDirectoryStream$WindowsDirectoryIterator
Event: 0.083 Loading class sun/nio/fs/WindowsDirectoryStream$WindowsDirectoryIterator done
Event: 0.083 Loading class sun/nio/fs/WindowsPath$WindowsPathWithAttributes
Event: 0.083 Loading class sun/nio/fs/BasicFileAttributesHolder
Event: 0.084 Loading class sun/nio/fs/BasicFileAttributesHolder done
Event: 0.084 Loading class sun/nio/fs/WindowsPath$WindowsPathWithAttributes done
Event: 0.084 Loading class java/nio/file/attribute/FileAttribute
Event: 0.084 Loading class java/nio/file/attribute/FileAttribute done
Event: 0.084 Loading class sun/nio/fs/WindowsSecurityDescriptor
Event: 0.084 Loading class sun/nio/fs/WindowsSecurityDescriptor done

Classes unloaded (0 events):
No events

Classes redefined (0 events):
No events

Internal exceptions (4 events):
Event: 0.082 Thread 0x0000020241742750 Exception <a 'sun/nio/fs/WindowsException'{0x000000008ce3a520}> (0x000000008ce3a520) 
thrown [s\open\src\hotspot\share\prims\jni.cpp, line 516]
Event: 0.083 Thread 0x0000020241742750 Exception <a 'sun/nio/fs/WindowsException'{0x000000008ce3aac8}> (0x000000008ce3aac8) 
thrown [s\open\src\hotspot\share\prims\jni.cpp, line 516]
Event: 0.084 Thread 0x0000020241742750 Exception <a 'sun/nio/fs/WindowsException'{0x000000008ce3cff0}> (0x000000008ce3cff0) 
thrown [s\open\src\hotspot\share\prims\jni.cpp, line 516]
Event: 0.084 Thread 0x0000020241742750 Exception <a 'sun/nio/fs/WindowsException'{0x000000008ce3db58}> (0x000000008ce3db58) 
thrown [s\open\src\hotspot\share\prims\jni.cpp, line 516]

VM Operations (2 events):
Event: 0.085 Executing VM operation: HandshakeAllThreads
Event: 0.085 Executing VM operation: HandshakeAllThreads done

Events (17 events):
Event: 0.015 Loaded shared library C:\Program Files\Java\jdk-18.0.2.1\bin\java.dll
Event: 0.027 Loaded shared library C:\Program Files\Java\jdk-18.0.2.1\bin\jsvml.dll
Event: 0.027 Thread 0x0000020241742750 Thread added: 0x0000020241742750
Event: 0.030 Thread 0x000002025edd82c0 Thread added: 0x000002025edd82c0
Event: 0.031 Thread 0x000002025eddce40 Thread added: 0x000002025eddce40
Event: 0.043 Thread 0x000002025edf3480 Thread added: 0x000002025edf3480
Event: 0.043 Thread 0x000002025edf3d30 Thread added: 0x000002025edf3d30
Event: 0.044 Thread 0x000002025edf4720 Thread added: 0x000002025edf4720
Event: 0.044 Thread 0x000002025edf5110 Thread added: 0x000002025edf5110
Event: 0.044 Thread 0x000002025edf5e30 Thread added: 0x000002025edf5e30
Event: 0.044 Thread 0x000002025edf6720 Thread added: 0x000002025edf6720
Event: 0.045 Thread 0x000002025ee3e6d0 Thread added: 0x000002025ee3e6d0
Event: 0.067 Thread 0x000002025edc4b70 Thread added: 0x000002025edc4b70
Event: 0.078 Loaded shared library C:\Program Files\Java\jdk-18.0.2.1\bin\net.dll
Event: 0.081 Loaded shared library C:\Program Files\Java\jdk-18.0.2.1\bin\nio.dll
Event: 0.096 Thread 0x0000020263124d50 Thread added: 0x0000020263124d50
Event: 0.102 Loaded shared library C:\Program Files\Java\jdk-18.0.2.1\bin\zip.dll


Dynamic libraries:
0x00007ff78ccc0000 - 0x00007ff78ccd0000 	C:\Program Files\Java\jdk-18.0.2.1\bin\java.exe
0x00007ff97f5f0000 - 0x00007ff97f7e8000 	C:\Windows\SYSTEM32\ntdll.dll
0x00007ff97d7b0000 - 0x00007ff97d86f000 	C:\Windows\System32\KERNEL32.DLL
0x00007ff97d350000 - 0x00007ff97d646000 	C:\Windows\System32\KERNELBASE.dll
0x00007ff97a1c0000 - 0x00007ff97a251000 	C:\Windows\SYSTEM32\apphelp.dll
0x00007ff97cfc0000 - 0x00007ff97d0c0000 	C:\Windows\System32\ucrtbase.dll
0x00007ff965580000 - 0x00007ff965598000 	C:\Program Files\Java\jdk-18.0.2.1\bin\jli.dll
0x00007ff974c60000 - 0x00007ff974c7a000 	C:\Program Files\Java\jdk-18.0.2.1\bin\VCRUNTIME140.dll
0x00007ff97e410000 - 0x00007ff97e4bf000 	C:\Windows\System32\ADVAPI32.dll
0x00007ff97e840000 - 0x00007ff97e8de000 	C:\Windows\System32\msvcrt.dll
0x00007ff97f1c0000 - 0x00007ff97f25c000 	C:\Windows\System32\sechost.dll
0x00007ff97e4c0000 - 0x00007ff97e5e6000 	C:\Windows\System32\RPCRT4.dll
0x00007ff97db20000 - 0x00007ff97dcbd000 	C:\Windows\System32\USER32.dll
0x00007ff97d0c0000 - 0x00007ff97d0e2000 	C:\Windows\System32\win32u.dll
0x00007ff97daf0000 - 0x00007ff97db1c000 	C:\Windows\System32\GDI32.dll
0x00007ff970c10000 - 0x00007ff970eaa000 	C:\Windows\WinSxS\amd64_microsoft.windows.common-controls_6595b64144ccf1df_6.0.19041.1110_none_60b5254171f9507e\COMCTL32.dll
0x00007ff97d0f0000 - 0x00007ff97d205000 	C:\Windows\System32\gdi32full.dll
0x00007ff97d210000 - 0x00007ff97d2ad000 	C:\Windows\System32\msvcp_win.dll
0x00007ff9759a0000 - 0x00007ff9759aa000 	C:\Windows\SYSTEM32\VERSION.dll
0x00007ff97f2c0000 - 0x00007ff97f2f0000 	C:\Windows\System32\IMM32.DLL
0x00007ff976650000 - 0x00007ff97665c000 	C:\Program Files\Java\jdk-18.0.2.1\bin\vcruntime140_1.dll
0x00007ff94ec50000 - 0x00007ff94ecdd000 	C:\Program Files\Java\jdk-18.0.2.1\bin\msvcp140.dll
0x00007ff916f30000 - 0x00007ff917b41000 	C:\Program Files\Java\jdk-18.0.2.1\bin\server\jvm.dll
0x00007ff97e8e0000 - 0x00007ff97e8e8000 	C:\Windows\System32\PSAPI.DLL
0x00007ff97ac50000 - 0x00007ff97ac59000 	C:\Windows\SYSTEM32\WSOCK32.dll
0x00007ff9713d0000 - 0x00007ff9713f7000 	C:\Windows\SYSTEM32\WINMM.dll
0x00007ff97f150000 - 0x00007ff97f1bb000 	C:\Windows\System32\WS2_32.dll
0x00007ff97b520000 - 0x00007ff97b532000 	C:\Windows\SYSTEM32\kernel.appcore.dll
0x00007ff976490000 - 0x00007ff97649a000 	C:\Program Files\Java\jdk-18.0.2.1\bin\jimage.dll
0x00007ff97aa40000 - 0x00007ff97ac24000 	C:\Windows\SYSTEM32\DBGHELP.DLL
0x00007ff973b80000 - 0x00007ff973bb4000 	C:\Windows\SYSTEM32\dbgcore.DLL
0x00007ff97cee0000 - 0x00007ff97cf62000 	C:\Windows\System32\bcryptPrimitives.dll
0x00007ff965640000 - 0x00007ff965665000 	C:\Program Files\Java\jdk-18.0.2.1\bin\java.dll
0x00007ff94f650000 - 0x00007ff94f726000 	C:\Program Files\Java\jdk-18.0.2.1\bin\jsvml.dll
0x00007ff97dcc0000 - 0x00007ff97e404000 	C:\Windows\System32\SHELL32.dll
0x00007ff97ac60000 - 0x00007ff97b3f3000 	C:\Windows\SYSTEM32\windows.storage.dll
0x00007ff97ed70000 - 0x00007ff97f0c4000 	C:\Windows\System32\combase.dll
0x00007ff97c650000 - 0x00007ff97c67e000 	C:\Windows\SYSTEM32\Wldp.dll
0x00007ff97f4a0000 - 0x00007ff97f54d000 	C:\Windows\System32\SHCORE.dll
0x00007ff97e730000 - 0x00007ff97e785000 	C:\Windows\System32\shlwapi.dll
0x00007ff97cc10000 - 0x00007ff97cc2f000 	C:\Windows\SYSTEM32\profapi.dll
0x00007ff95fd50000 - 0x00007ff95fd63000 	C:\Program Files\Java\jdk-18.0.2.1\bin\net.dll
0x00007ff973db0000 - 0x00007ff973eba000 	C:\Windows\SYSTEM32\WINHTTP.dll
0x00007ff97c3b0000 - 0x00007ff97c41a000 	C:\Windows\system32\mswsock.dll
0x00007ff9590b0000 - 0x00007ff9590c6000 	C:\Program Files\Java\jdk-18.0.2.1\bin\nio.dll
0x00007ff958c70000 - 0x00007ff958c88000 	C:\Program Files\Java\jdk-18.0.2.1\bin\zip.dll

dbghelp: loaded successfully - version: 4.0.5 - missing functions: none
symbol engine: initialized successfully - sym options: 0x614 - pdb path: .;C:\Program Files\Java\jdk-18.0.2.1\bin;C:\Windows\SYSTEM32;C:\Windows\WinSxS\amd64_microsoft.windows.common-controls_6595b64144ccf1df_6.0.19041.1110_none_60b5254171f9507e;C:\Program Files\Java\jdk-18.0.2.1\bin\server

VM Arguments:
jvm_args: -Dfile.encoding=UTF-8 --module-path=C:\Users\delll\Documents\NetBeansProjects\Village Data Management System\build\classes 
java_command: village.data.management.system.AddVillagers
java_class_path (initial): C:\Users\delll\Downloads\mysql-connector-java-8.0.28.jar;C:\Users\delll\Downloads\jcalendar-tz-1.3.3-4.jar;C:\Users\delll\Documents\NetBeansProjects\Village Data Management System\build\classes
Launcher Type: SUN_STANDARD

[Global flags]
     intx CICompilerCount                          = 3                                         {product} {ergonomic}
     uint ConcGCThreads                            = 1                                         {product} {ergonomic}
     uint G1ConcRefinementThreads                  = 4                                         {product} {ergonomic}
   size_t G1HeapRegionSize                         = 1048576                                   {product} {ergonomic}
    uintx GCDrainStackTargetSize                   = 64                                        {product} {ergonomic}
   size_t InitialHeapSize                          = 130023424                                 {product} {ergonomic}
   size_t MarkStackSize                            = 4194304                                   {product} {ergonomic}
   size_t MaxHeapSize                              = 2059403264                                {product} {ergonomic}
   size_t MaxNewSize                               = 1235222528                                {product} {ergonomic}
   size_t MinHeapDeltaBytes                        = 1048576                                   {product} {ergonomic}
   size_t MinHeapSize                              = 8388608                                   {product} {ergonomic}
    uintx NonNMethodCodeHeapSize                   = 5832780                                {pd product} {ergonomic}
    uintx NonProfiledCodeHeapSize                  = 122912730                              {pd product} {ergonomic}
    uintx ProfiledCodeHeapSize                     = 122912730                              {pd product} {ergonomic}
    uintx ReservedCodeCacheSize                    = 251658240                              {pd product} {ergonomic}
     bool SegmentedCodeCache                       = true                                      {product} {ergonomic}
   size_t SoftMaxHeapSize                          = 2059403264                             {manageable} {ergonomic}
     bool UseCompressedClassPointers               = true                           {product lp64_product} {ergonomic}
     bool UseCompressedOops                        = true                           {product lp64_product} {ergonomic}
     bool UseG1GC                                  = true                                      {product} {ergonomic}
     bool UseLargePagesIndividualAllocation        = false                                  {pd product} {ergonomic}

Logging:
Log output configuration:
 #0: stdout all=warning uptime,level,tags foldmultilines=false
 #1: stderr all=off uptime,level,tags foldmultilines=false

Environment Variables:
JAVA_HOME=C:\Program Files\Java\jdk-18.0.2.1
PATH=C:\Python311\Scripts\;C:\Python311\;C:\Program Files\Common Files\Oracle\Java\javapath;C:\Windows\system32;C:\Windows;C:\Windows\System32\Wbem;C:\Windows\System32\WindowsPowerShell\v1.0\;C:\Windows\System32\OpenSSH\;C:\Program Files\Java\jdk-18.0.2.1\bin;C:\Program Files\Git\cmd;C:\Program Files\nodejs\;C:\ProgramData\chocolatey\bin;C:\Users\delll\AppData\Local\Microsoft\WindowsApps;;C:\Users\delll\AppData\Local\Programs\Microsoft VS Code\bin;C:\Users\delll\AppData\Roaming\npm
USERNAME=delll
OS=Windows_NT
PROCESSOR_IDENTIFIER=Intel64 Family 6 Model 94 Stepping 3, GenuineIntel



---------------  S Y S T E M  ---------------

OS:
 Windows 10 , 64 bit Build 19041 (10.0.19041.2913)
OS uptime: 10 days 10:52 hours

CPU: total 4 (initial active 4) (4 cores per cpu, 1 threads per core) family 6 model 94 stepping 3 microcode 0xcc, cx8, cmov, fxsr, mmx, 3dnowpref, sse, sse2, sse3, ssse3, sse4.1, sse4.2, popcnt, lzcnt, tsc, tscinvbit, avx, avx2, aes, erms, clmul, bmi1, bmi2, rtm, adx, fma, vzeroupper, clflush, clflushopt

Memory: 4k page, system-wide physical 7854M (618M free)
TotalPageFile size 22949M (AvailPageFile size 4M)
current process WorkingSet (physical memory assigned to process): 33M, peak: 33M
current process commit charge ("private bytes"): 198M, peak: 198M

vm_info: Java HotSpot(TM) 64-Bit Server VM (18.0.2.1+1-1) for windows-amd64 JRE (18.0.2.1+1-1), built on Aug 16 2022 01:46:33 by "mach5one" with MS VC++ 16.8 / 16.9 (VS2019)

END.
