#
# There is insufficient memory for the Java Runtime Environment to continue.
# Native memory allocation (mmap) failed to map 65536 bytes for Failed to commit metaspace.
# Possible reasons:
#   The system is out of physical RAM or swap space
#   The process is running with CompressedOops enabled, and the Java Heap may be blocking the growth of the native heap
# Possible solutions:
#   Reduce memory load on the system
#   Increase physical memory or swap space
#   Check if swap backing store is full
#   Decrease Java heap size (-Xmx/-Xms)
#   Decrease number of Java threads
#   Decrease Java thread stack sizes (-Xss)
#   Set larger code cache with -XX:ReservedCodeCacheSize=
#   JVM is running with Unscaled Compressed Oops mode in which the Java heap is
#     placed in the first 4GB address space. The Java Heap base address is the
#     maximum limit for the native heap growth. Please use -XX:HeapBaseMinAddress
#     to set the Java Heap base and to place the Java Heap above 4GB virtual address.
# This output file may be truncated or incomplete.
#
#  Out of Memory Error (virtualSpaceNode.cpp:110), pid=22392, tid=22476
#
# JRE version: Java(TM) SE Runtime Environment (18.0.2.1+1) (build 18.0.2.1+1-1)
# Java VM: Java HotSpot(TM) 64-Bit Server VM (18.0.2.1+1-1, mixed mode, sharing, tiered, compressed oops, compressed class ptrs, g1 gc, windows-amd64)
# No core dump will be written. Minidumps are not enabled by default on client versions of Windows
#

---------------  S U M M A R Y ------------

Command Line: -Dfile.encoding=UTF-8 --module-path=C:\Users\delll\Documents\NetBeansProjects\Village Data Management System\build\classes village.data.management.system.AddVillagers

Host: Intel(R) Core(TM) i5-6300HQ CPU @ 2.30GHz, 4 cores, 7G,  Windows 10 , 64 bit Build 19041 (10.0.19041.2913)
Time: Sun May 21 21:52:37 2023 India Standard Time elapsed time: 0.191403 seconds (0d 0h 0m 0s)

---------------  T H R E A D  ---------------

Current thread (0x000002a9535e1220):  JavaThread "main" [_thread_in_vm, id=22476, stack(0x000000ba1c100000,0x000000ba1c200000)]

Stack: [0x000000ba1c100000,0x000000ba1c200000]
Native frames: (J=compiled Java code, j=interpreted, Vv=VM code, C=native code)
V  [jvm.dll+0x6993aa]
V  [jvm.dll+0x7f46dd]
V  [jvm.dll+0x7f5fee]
V  [jvm.dll+0x7f66a3]
V  [jvm.dll+0x25cf1f]
V  [jvm.dll+0x7f03eb]
V  [jvm.dll+0x63f526]
V  [jvm.dll+0x63f58a]
V  [jvm.dll+0x641e0e]
V  [jvm.dll+0x641cce]
V  [jvm.dll+0x63feee]
V  [jvm.dll+0x64a567]
V  [jvm.dll+0x202961]
V  [jvm.dll+0x202e95]
V  [jvm.dll+0x2038cf]
V  [jvm.dll+0x1f8d61]
V  [jvm.dll+0x55dc05]
V  [jvm.dll+0x209c17]
V  [jvm.dll+0x76dd8d]
V  [jvm.dll+0x76f0c6]
V  [jvm.dll+0x76f3f8]
V  [jvm.dll+0x42cc59]
V  [jvm.dll+0x40b06e]
C  [awt.dll+0xd71e0]

Java frames: (J=compiled Java code, j=interpreted, Vv=VM code)
j  sun.awt.windows.WToolkit.initIDs()V+0 java.desktop@18.0.2.1
j  sun.awt.windows.WToolkit.<clinit>()V+20 java.desktop@18.0.2.1
v  ~StubRoutines::call_stub
j  sun.awt.Win32GraphicsEnvironment.<clinit>()V+16 java.desktop@18.0.2.1
v  ~StubRoutines::call_stub
j  sun.awt.PlatformGraphicsInfo.createGE()Ljava/awt/GraphicsEnvironment;+0 java.desktop@18.0.2.1
j  java.awt.GraphicsEnvironment$LocalGE.createGE()Ljava/awt/GraphicsEnvironment;+0 java.desktop@18.0.2.1
j  java.awt.GraphicsEnvironment$LocalGE.<clinit>()V+0 java.desktop@18.0.2.1
v  ~StubRoutines::call_stub
j  java.awt.GraphicsEnvironment.getLocalGraphicsEnvironment()Ljava/awt/GraphicsEnvironment;+0 java.desktop@18.0.2.1
j  java.awt.Window.initGC(Ljava/awt/GraphicsConfiguration;)Ljava/awt/GraphicsConfiguration;+7 java.desktop@18.0.2.1
j  java.awt.Window.init(Ljava/awt/GraphicsConfiguration;)V+45 java.desktop@18.0.2.1
j  java.awt.Window.<init>()V+114 java.desktop@18.0.2.1
j  java.awt.Frame.<init>(Ljava/lang/String;)V+1 java.desktop@18.0.2.1
j  java.awt.Frame.<init>()V+3 java.desktop@18.0.2.1
j  javax.swing.JFrame.<init>()V+1 java.desktop@18.0.2.1
j  village.data.management.system.AddVillagers.<init>()V+1
j  village.data.management.system.AddVillagers.main([Ljava/lang/String;)V+4
v  ~StubRoutines::call_stub

---------------  P R O C E S S  ---------------

Threads class SMR info:
_java_thread_list=0x000002a9750ed3e0, length=13, elements={
0x000002a9535e1220, 0x000002a970c8a430, 0x000002a970c8b2a0, 0x000002a970ca6630,
0x000002a970ca73e0, 0x000002a970ca7ec0, 0x000002a970cabea0, 0x000002a970cadb80,
0x000002a970cb6570, 0x000002a970cc1f40, 0x000002a975062de0, 0x000002a9750e1bc0,
0x000002a97511ccd0
}

Java Threads: ( => current thread )
=>0x000002a9535e1220 JavaThread "main" [_thread_in_vm, id=22476, stack(0x000000ba1c100000,0x000000ba1c200000)]
  0x000002a970c8a430 JavaThread "Reference Handler" daemon [_thread_blocked, id=22460, stack(0x000000ba1c800000,0x000000ba1c900000)]
  0x000002a970c8b2a0 JavaThread "Finalizer" daemon [_thread_blocked, id=22480, stack(0x000000ba1c900000,0x000000ba1ca00000)]
  0x000002a970ca6630 JavaThread "Signal Dispatcher" daemon [_thread_blocked, id=22464, stack(0x000000ba1ca00000,0x000000ba1cb00000)]
  0x000002a970ca73e0 JavaThread "Attach Listener" daemon [_thread_blocked, id=22284, stack(0x000000ba1cb00000,0x000000ba1cc00000)]
  0x000002a970ca7ec0 JavaThread "Service Thread" daemon [_thread_blocked, id=22368, stack(0x000000ba1cc00000,0x000000ba1cd00000)]
  0x000002a970cabea0 JavaThread "Monitor Deflation Thread" daemon [_thread_blocked, id=22456, stack(0x000000ba1cd00000,0x000000ba1ce00000)]
  0x000002a970cadb80 JavaThread "C2 CompilerThread0" daemon [_thread_blocked, id=22432, stack(0x000000ba1ce00000,0x000000ba1cf00000)]
  0x000002a970cb6570 JavaThread "C1 CompilerThread0" daemon [_thread_blocked, id=22420, stack(0x000000ba1cf00000,0x000000ba1d000000)]
  0x000002a970cc1f40 JavaThread "Sweeper thread" daemon [_thread_blocked, id=22424, stack(0x000000ba1d000000,0x000000ba1d100000)]
  0x000002a975062de0 JavaThread "Common-Cleaner" daemon [_thread_blocked, id=22428, stack(0x000000ba1d100000,0x000000ba1d200000)]
  0x000002a9750e1bc0 JavaThread "Notification Thread" daemon [_thread_blocked, id=22408, stack(0x000000ba1d200000,0x000000ba1d300000)]
  0x000002a97511ccd0 JavaThread "C2 CompilerThread1" daemon [_thread_blocked, id=20932, stack(0x000000ba1d400000,0x000000ba1d500000)]

Other Threads:
  0x000002a970c86150 VMThread "VM Thread" [stack: 0x000000ba1c700000,0x000000ba1c800000] [id=22452]
  0x000002a9750e2080 WatcherThread "VM Periodic Task Thread" [stack: 0x000000ba1d300000,0x000000ba1d400000] [id=10620]
  0x000002a95363b680 WorkerThread "GC Thread#0" [stack: 0x000000ba1c200000,0x000000ba1c300000] [id=22472]
  0x000002a95364bb30 ConcurrentGCThread "G1 Main Marker" [stack: 0x000000ba1c300000,0x000000ba1c400000] [id=22468]
  0x000002a95364ccc0 WorkerThread "G1 Conc#0" [stack: 0x000000ba1c400000,0x000000ba1c500000] [id=22484]
  0x000002a95368a690 ConcurrentGCThread "G1 Refine#0" [stack: 0x000000ba1c500000,0x000000ba1c600000] [id=22488]
  0x000002a95368afa0 ConcurrentGCThread "G1 Service" [stack: 0x000000ba1c600000,0x000000ba1c700000] [id=22492]

Threads with active compile tasks:

VM state: not at safepoint (normal execution)

VM Mutex/Monitor currently owned by a thread:  ([mutex/lock_event])
[0x000002a9535d9710] Metaspace_lock - owner thread: 0x000002a9535e1220

Heap address: 0x0000000085400000, size: 1964 MB, Compressed Oops mode: 32-bit

CDS archive(s) mapped at: [0x0000000800000000-0x0000000800ba0000-0x0000000800ba0000), size 12189696, SharedBaseAddress: 0x0000000800000000, ArchiveRelocationMode: 0.
Compressed class space mapped at: 0x0000000800c00000-0x0000000840c00000, reserved size: 1073741824
Narrow klass base: 0x0000000800000000, Narrow klass shift: 0, Narrow klass range: 0x100000000

GC Precious Log:
 CardTable entry size: 512
 Card Set container configuration: InlinePtr #cards 5 size 8 Array Of Cards #cards 12 size 40 Howl #buckets 4 coarsen threshold 1843 Howl Bitmap #cards 512 size 80 coarsen threshold 460 Card regions per heap region 1 cards per card region 2048
 CPUs: 4 total, 4 available
 Memory: 7854M
 Large Page Support: Disabled
 NUMA Support: Disabled
 Compressed Oops: Enabled (32-bit)
 Heap Region Size: 1M
 Heap Min Capacity: 8M
 Heap Initial Capacity: 124M
 Heap Max Capacity: 1964M
 Pre-touch: Disabled
 Parallel Workers: 4
 Concurrent Workers: 1
 Concurrent Refinement Workers: 4
 Periodic GC: Disabled

Heap:
 garbage-first heap   total 126976K, used 2048K [0x0000000085400000, 0x0000000100000000)
  region size 1024K, 3 young (3072K), 0 survivors (0K)
 Metaspace       used 2462K, committed 2624K, reserved 1114112K
  class space    used 231K, committed 320K, reserved 1048576K

Heap Regions: E=young(eden), S=young(survivor), O=old, HS=humongous(starts), HC=humongous(continues), CS=collection set, F=free, OA=open archive, CA=closed archive, TAMS=top-at-mark-start (previous, next)
|   0|0x0000000085400000, 0x0000000085400000, 0x0000000085500000|  0%| F|  |TAMS 0x0000000085400000, 0x0000000085400000| Untracked 
|   1|0x0000000085500000, 0x0000000085500000, 0x0000000085600000|  0%| F|  |TAMS 0x0000000085500000, 0x0000000085500000| Untracked 
|   2|0x0000000085600000, 0x0000000085600000, 0x0000000085700000|  0%| F|  |TAMS 0x0000000085600000, 0x0000000085600000| Untracked 
|   3|0x0000000085700000, 0x0000000085700000, 0x0000000085800000|  0%| F|  |TAMS 0x0000000085700000, 0x0000000085700000| Untracked 
|   4|0x0000000085800000, 0x0000000085800000, 0x0000000085900000|  0%| F|  |TAMS 0x0000000085800000, 0x0000000085800000| Untracked 
|   5|0x0000000085900000, 0x0000000085900000, 0x0000000085a00000|  0%| F|  |TAMS 0x0000000085900000, 0x0000000085900000| Untracked 
|   6|0x0000000085a00000, 0x0000000085a00000, 0x0000000085b00000|  0%| F|  |TAMS 0x0000000085a00000, 0x0000000085a00000| Untracked 
|   7|0x0000000085b00000, 0x0000000085b00000, 0x0000000085c00000|  0%| F|  |TAMS 0x0000000085b00000, 0x0000000085b00000| Untracked 
|   8|0x0000000085c00000, 0x0000000085c00000, 0x0000000085d00000|  0%| F|  |TAMS 0x0000000085c00000, 0x0000000085c00000| Untracked 
|   9|0x0000000085d00000, 0x0000000085d00000, 0x0000000085e00000|  0%| F|  |TAMS 0x0000000085d00000, 0x0000000085d00000| Untracked 
|  10|0x0000000085e00000, 0x0000000085e00000, 0x0000000085f00000|  0%| F|  |TAMS 0x0000000085e00000, 0x0000000085e00000| Untracked 
|  11|0x0000000085f00000, 0x0000000085f00000, 0x0000000086000000|  0%| F|  |TAMS 0x0000000085f00000, 0x0000000085f00000| Untracked 
|  12|0x0000000086000000, 0x0000000086000000, 0x0000000086100000|  0%| F|  |TAMS 0x0000000086000000, 0x0000000086000000| Untracked 
|  13|0x0000000086100000, 0x0000000086100000, 0x0000000086200000|  0%| F|  |TAMS 0x0000000086100000, 0x0000000086100000| Untracked 
|  14|0x0000000086200000, 0x0000000086200000, 0x0000000086300000|  0%| F|  |TAMS 0x0000000086200000, 0x0000000086200000| Untracked 
|  15|0x0000000086300000, 0x0000000086300000, 0x0000000086400000|  0%| F|  |TAMS 0x0000000086300000, 0x0000000086300000| Untracked 
|  16|0x0000000086400000, 0x0000000086400000, 0x0000000086500000|  0%| F|  |TAMS 0x0000000086400000, 0x0000000086400000| Untracked 
|  17|0x0000000086500000, 0x0000000086500000, 0x0000000086600000|  0%| F|  |TAMS 0x0000000086500000, 0x0000000086500000| Untracked 
|  18|0x0000000086600000, 0x0000000086600000, 0x0000000086700000|  0%| F|  |TAMS 0x0000000086600000, 0x0000000086600000| Untracked 
|  19|0x0000000086700000, 0x0000000086700000, 0x0000000086800000|  0%| F|  |TAMS 0x0000000086700000, 0x0000000086700000| Untracked 
|  20|0x0000000086800000, 0x0000000086800000, 0x0000000086900000|  0%| F|  |TAMS 0x0000000086800000, 0x0000000086800000| Untracked 
|  21|0x0000000086900000, 0x0000000086900000, 0x0000000086a00000|  0%| F|  |TAMS 0x0000000086900000, 0x0000000086900000| Untracked 
|  22|0x0000000086a00000, 0x0000000086a00000, 0x0000000086b00000|  0%| F|  |TAMS 0x0000000086a00000, 0x0000000086a00000| Untracked 
|  23|0x0000000086b00000, 0x0000000086b00000, 0x0000000086c00000|  0%| F|  |TAMS 0x0000000086b00000, 0x0000000086b00000| Untracked 
|  24|0x0000000086c00000, 0x0000000086c00000, 0x0000000086d00000|  0%| F|  |TAMS 0x0000000086c00000, 0x0000000086c00000| Untracked 
|  25|0x0000000086d00000, 0x0000000086d00000, 0x0000000086e00000|  0%| F|  |TAMS 0x0000000086d00000, 0x0000000086d00000| Untracked 
|  26|0x0000000086e00000, 0x0000000086e00000, 0x0000000086f00000|  0%| F|  |TAMS 0x0000000086e00000, 0x0000000086e00000| Untracked 
|  27|0x0000000086f00000, 0x0000000086f00000, 0x0000000087000000|  0%| F|  |TAMS 0x0000000086f00000, 0x0000000086f00000| Untracked 
|  28|0x0000000087000000, 0x0000000087000000, 0x0000000087100000|  0%| F|  |TAMS 0x0000000087000000, 0x0000000087000000| Untracked 
|  29|0x0000000087100000, 0x0000000087100000, 0x0000000087200000|  0%| F|  |TAMS 0x0000000087100000, 0x0000000087100000| Untracked 
|  30|0x0000000087200000, 0x0000000087200000, 0x0000000087300000|  0%| F|  |TAMS 0x0000000087200000, 0x0000000087200000| Untracked 
|  31|0x0000000087300000, 0x0000000087300000, 0x0000000087400000|  0%| F|  |TAMS 0x0000000087300000, 0x0000000087300000| Untracked 
|  32|0x0000000087400000, 0x0000000087400000, 0x0000000087500000|  0%| F|  |TAMS 0x0000000087400000, 0x0000000087400000| Untracked 
|  33|0x0000000087500000, 0x0000000087500000, 0x0000000087600000|  0%| F|  |TAMS 0x0000000087500000, 0x0000000087500000| Untracked 
|  34|0x0000000087600000, 0x0000000087600000, 0x0000000087700000|  0%| F|  |TAMS 0x0000000087600000, 0x0000000087600000| Untracked 
|  35|0x0000000087700000, 0x0000000087700000, 0x0000000087800000|  0%| F|  |TAMS 0x0000000087700000, 0x0000000087700000| Untracked 
|  36|0x0000000087800000, 0x0000000087800000, 0x0000000087900000|  0%| F|  |TAMS 0x0000000087800000, 0x0000000087800000| Untracked 
|  37|0x0000000087900000, 0x0000000087900000, 0x0000000087a00000|  0%| F|  |TAMS 0x0000000087900000, 0x0000000087900000| Untracked 
|  38|0x0000000087a00000, 0x0000000087a00000, 0x0000000087b00000|  0%| F|  |TAMS 0x0000000087a00000, 0x0000000087a00000| Untracked 
|  39|0x0000000087b00000, 0x0000000087b00000, 0x0000000087c00000|  0%| F|  |TAMS 0x0000000087b00000, 0x0000000087b00000| Untracked 
|  40|0x0000000087c00000, 0x0000000087c00000, 0x0000000087d00000|  0%| F|  |TAMS 0x0000000087c00000, 0x0000000087c00000| Untracked 
|  41|0x0000000087d00000, 0x0000000087d00000, 0x0000000087e00000|  0%| F|  |TAMS 0x0000000087d00000, 0x0000000087d00000| Untracked 
|  42|0x0000000087e00000, 0x0000000087e00000, 0x0000000087f00000|  0%| F|  |TAMS 0x0000000087e00000, 0x0000000087e00000| Untracked 
|  43|0x0000000087f00000, 0x0000000087f00000, 0x0000000088000000|  0%| F|  |TAMS 0x0000000087f00000, 0x0000000087f00000| Untracked 
|  44|0x0000000088000000, 0x0000000088000000, 0x0000000088100000|  0%| F|  |TAMS 0x0000000088000000, 0x0000000088000000| Untracked 
|  45|0x0000000088100000, 0x0000000088100000, 0x0000000088200000|  0%| F|  |TAMS 0x0000000088100000, 0x0000000088100000| Untracked 
|  46|0x0000000088200000, 0x0000000088200000, 0x0000000088300000|  0%| F|  |TAMS 0x0000000088200000, 0x0000000088200000| Untracked 
|  47|0x0000000088300000, 0x0000000088300000, 0x0000000088400000|  0%| F|  |TAMS 0x0000000088300000, 0x0000000088300000| Untracked 
|  48|0x0000000088400000, 0x0000000088400000, 0x0000000088500000|  0%| F|  |TAMS 0x0000000088400000, 0x0000000088400000| Untracked 
|  49|0x0000000088500000, 0x0000000088500000, 0x0000000088600000|  0%| F|  |TAMS 0x0000000088500000, 0x0000000088500000| Untracked 
|  50|0x0000000088600000, 0x0000000088600000, 0x0000000088700000|  0%| F|  |TAMS 0x0000000088600000, 0x0000000088600000| Untracked 
|  51|0x0000000088700000, 0x0000000088700000, 0x0000000088800000|  0%| F|  |TAMS 0x0000000088700000, 0x0000000088700000| Untracked 
|  52|0x0000000088800000, 0x0000000088800000, 0x0000000088900000|  0%| F|  |TAMS 0x0000000088800000, 0x0000000088800000| Untracked 
|  53|0x0000000088900000, 0x0000000088900000, 0x0000000088a00000|  0%| F|  |TAMS 0x0000000088900000, 0x0000000088900000| Untracked 
|  54|0x0000000088a00000, 0x0000000088a00000, 0x0000000088b00000|  0%| F|  |TAMS 0x0000000088a00000, 0x0000000088a00000| Untracked 
|  55|0x0000000088b00000, 0x0000000088b00000, 0x0000000088c00000|  0%| F|  |TAMS 0x0000000088b00000, 0x0000000088b00000| Untracked 
|  56|0x0000000088c00000, 0x0000000088c00000, 0x0000000088d00000|  0%| F|  |TAMS 0x0000000088c00000, 0x0000000088c00000| Untracked 
|  57|0x0000000088d00000, 0x0000000088d00000, 0x0000000088e00000|  0%| F|  |TAMS 0x0000000088d00000, 0x0000000088d00000| Untracked 
|  58|0x0000000088e00000, 0x0000000088e00000, 0x0000000088f00000|  0%| F|  |TAMS 0x0000000088e00000, 0x0000000088e00000| Untracked 
|  59|0x0000000088f00000, 0x0000000088f00000, 0x0000000089000000|  0%| F|  |TAMS 0x0000000088f00000, 0x0000000088f00000| Untracked 
|  60|0x0000000089000000, 0x0000000089000000, 0x0000000089100000|  0%| F|  |TAMS 0x0000000089000000, 0x0000000089000000| Untracked 
|  61|0x0000000089100000, 0x0000000089100000, 0x0000000089200000|  0%| F|  |TAMS 0x0000000089100000, 0x0000000089100000| Untracked 
|  62|0x0000000089200000, 0x0000000089200000, 0x0000000089300000|  0%| F|  |TAMS 0x0000000089200000, 0x0000000089200000| Untracked 
|  63|0x0000000089300000, 0x0000000089300000, 0x0000000089400000|  0%| F|  |TAMS 0x0000000089300000, 0x0000000089300000| Untracked 
|  64|0x0000000089400000, 0x0000000089400000, 0x0000000089500000|  0%| F|  |TAMS 0x0000000089400000, 0x0000000089400000| Untracked 
|  65|0x0000000089500000, 0x0000000089500000, 0x0000000089600000|  0%| F|  |TAMS 0x0000000089500000, 0x0000000089500000| Untracked 
|  66|0x0000000089600000, 0x0000000089600000, 0x0000000089700000|  0%| F|  |TAMS 0x0000000089600000, 0x0000000089600000| Untracked 
|  67|0x0000000089700000, 0x0000000089700000, 0x0000000089800000|  0%| F|  |TAMS 0x0000000089700000, 0x0000000089700000| Untracked 
|  68|0x0000000089800000, 0x0000000089800000, 0x0000000089900000|  0%| F|  |TAMS 0x0000000089800000, 0x0000000089800000| Untracked 
|  69|0x0000000089900000, 0x0000000089900000, 0x0000000089a00000|  0%| F|  |TAMS 0x0000000089900000, 0x0000000089900000| Untracked 
|  70|0x0000000089a00000, 0x0000000089a00000, 0x0000000089b00000|  0%| F|  |TAMS 0x0000000089a00000, 0x0000000089a00000| Untracked 
|  71|0x0000000089b00000, 0x0000000089b00000, 0x0000000089c00000|  0%| F|  |TAMS 0x0000000089b00000, 0x0000000089b00000| Untracked 
|  72|0x0000000089c00000, 0x0000000089c00000, 0x0000000089d00000|  0%| F|  |TAMS 0x0000000089c00000, 0x0000000089c00000| Untracked 
|  73|0x0000000089d00000, 0x0000000089d00000, 0x0000000089e00000|  0%| F|  |TAMS 0x0000000089d00000, 0x0000000089d00000| Untracked 
|  74|0x0000000089e00000, 0x0000000089e00000, 0x0000000089f00000|  0%| F|  |TAMS 0x0000000089e00000, 0x0000000089e00000| Untracked 
|  75|0x0000000089f00000, 0x0000000089f00000, 0x000000008a000000|  0%| F|  |TAMS 0x0000000089f00000, 0x0000000089f00000| Untracked 
|  76|0x000000008a000000, 0x000000008a000000, 0x000000008a100000|  0%| F|  |TAMS 0x000000008a000000, 0x000000008a000000| Untracked 
|  77|0x000000008a100000, 0x000000008a100000, 0x000000008a200000|  0%| F|  |TAMS 0x000000008a100000, 0x000000008a100000| Untracked 
|  78|0x000000008a200000, 0x000000008a200000, 0x000000008a300000|  0%| F|  |TAMS 0x000000008a200000, 0x000000008a200000| Untracked 
|  79|0x000000008a300000, 0x000000008a300000, 0x000000008a400000|  0%| F|  |TAMS 0x000000008a300000, 0x000000008a300000| Untracked 
|  80|0x000000008a400000, 0x000000008a400000, 0x000000008a500000|  0%| F|  |TAMS 0x000000008a400000, 0x000000008a400000| Untracked 
|  81|0x000000008a500000, 0x000000008a500000, 0x000000008a600000|  0%| F|  |TAMS 0x000000008a500000, 0x000000008a500000| Untracked 
|  82|0x000000008a600000, 0x000000008a600000, 0x000000008a700000|  0%| F|  |TAMS 0x000000008a600000, 0x000000008a600000| Untracked 
|  83|0x000000008a700000, 0x000000008a700000, 0x000000008a800000|  0%| F|  |TAMS 0x000000008a700000, 0x000000008a700000| Untracked 
|  84|0x000000008a800000, 0x000000008a800000, 0x000000008a900000|  0%| F|  |TAMS 0x000000008a800000, 0x000000008a800000| Untracked 
|  85|0x000000008a900000, 0x000000008a900000, 0x000000008aa00000|  0%| F|  |TAMS 0x000000008a900000, 0x000000008a900000| Untracked 
|  86|0x000000008aa00000, 0x000000008aa00000, 0x000000008ab00000|  0%| F|  |TAMS 0x000000008aa00000, 0x000000008aa00000| Untracked 
|  87|0x000000008ab00000, 0x000000008ab00000, 0x000000008ac00000|  0%| F|  |TAMS 0x000000008ab00000, 0x000000008ab00000| Untracked 
|  88|0x000000008ac00000, 0x000000008ac00000, 0x000000008ad00000|  0%| F|  |TAMS 0x000000008ac00000, 0x000000008ac00000| Untracked 
|  89|0x000000008ad00000, 0x000000008ad00000, 0x000000008ae00000|  0%| F|  |TAMS 0x000000008ad00000, 0x000000008ad00000| Untracked 
|  90|0x000000008ae00000, 0x000000008ae00000, 0x000000008af00000|  0%| F|  |TAMS 0x000000008ae00000, 0x000000008ae00000| Untracked 
|  91|0x000000008af00000, 0x000000008af00000, 0x000000008b000000|  0%| F|  |TAMS 0x000000008af00000, 0x000000008af00000| Untracked 
|  92|0x000000008b000000, 0x000000008b000000, 0x000000008b100000|  0%| F|  |TAMS 0x000000008b000000, 0x000000008b000000| Untracked 
|  93|0x000000008b100000, 0x000000008b100000, 0x000000008b200000|  0%| F|  |TAMS 0x000000008b100000, 0x000000008b100000| Untracked 
|  94|0x000000008b200000, 0x000000008b200000, 0x000000008b300000|  0%| F|  |TAMS 0x000000008b200000, 0x000000008b200000| Untracked 
|  95|0x000000008b300000, 0x000000008b300000, 0x000000008b400000|  0%| F|  |TAMS 0x000000008b300000, 0x000000008b300000| Untracked 
|  96|0x000000008b400000, 0x000000008b400000, 0x000000008b500000|  0%| F|  |TAMS 0x000000008b400000, 0x000000008b400000| Untracked 
|  97|0x000000008b500000, 0x000000008b500000, 0x000000008b600000|  0%| F|  |TAMS 0x000000008b500000, 0x000000008b500000| Untracked 
|  98|0x000000008b600000, 0x000000008b600000, 0x000000008b700000|  0%| F|  |TAMS 0x000000008b600000, 0x000000008b600000| Untracked 
|  99|0x000000008b700000, 0x000000008b700000, 0x000000008b800000|  0%| F|  |TAMS 0x000000008b700000, 0x000000008b700000| Untracked 
| 100|0x000000008b800000, 0x000000008b800000, 0x000000008b900000|  0%| F|  |TAMS 0x000000008b800000, 0x000000008b800000| Untracked 
| 101|0x000000008b900000, 0x000000008b900000, 0x000000008ba00000|  0%| F|  |TAMS 0x000000008b900000, 0x000000008b900000| Untracked 
| 102|0x000000008ba00000, 0x000000008ba00000, 0x000000008bb00000|  0%| F|  |TAMS 0x000000008ba00000, 0x000000008ba00000| Untracked 
| 103|0x000000008bb00000, 0x000000008bb00000, 0x000000008bc00000|  0%| F|  |TAMS 0x000000008bb00000, 0x000000008bb00000| Untracked 
| 104|0x000000008bc00000, 0x000000008bc00000, 0x000000008bd00000|  0%| F|  |TAMS 0x000000008bc00000, 0x000000008bc00000| Untracked 
| 105|0x000000008bd00000, 0x000000008bd00000, 0x000000008be00000|  0%| F|  |TAMS 0x000000008bd00000, 0x000000008bd00000| Untracked 
| 106|0x000000008be00000, 0x000000008be00000, 0x000000008bf00000|  0%| F|  |TAMS 0x000000008be00000, 0x000000008be00000| Untracked 
| 107|0x000000008bf00000, 0x000000008bf00000, 0x000000008c000000|  0%| F|  |TAMS 0x000000008bf00000, 0x000000008bf00000| Untracked 
| 108|0x000000008c000000, 0x000000008c000000, 0x000000008c100000|  0%| F|  |TAMS 0x000000008c000000, 0x000000008c000000| Untracked 
| 109|0x000000008c100000, 0x000000008c100000, 0x000000008c200000|  0%| F|  |TAMS 0x000000008c100000, 0x000000008c100000| Untracked 
| 110|0x000000008c200000, 0x000000008c200000, 0x000000008c300000|  0%| F|  |TAMS 0x000000008c200000, 0x000000008c200000| Untracked 
| 111|0x000000008c300000, 0x000000008c300000, 0x000000008c400000|  0%| F|  |TAMS 0x000000008c300000, 0x000000008c300000| Untracked 
| 112|0x000000008c400000, 0x000000008c400000, 0x000000008c500000|  0%| F|  |TAMS 0x000000008c400000, 0x000000008c400000| Untracked 
| 113|0x000000008c500000, 0x000000008c500000, 0x000000008c600000|  0%| F|  |TAMS 0x000000008c500000, 0x000000008c500000| Untracked 
| 114|0x000000008c600000, 0x000000008c600000, 0x000000008c700000|  0%| F|  |TAMS 0x000000008c600000, 0x000000008c600000| Untracked 
| 115|0x000000008c700000, 0x000000008c700000, 0x000000008c800000|  0%| F|  |TAMS 0x000000008c700000, 0x000000008c700000| Untracked 
| 116|0x000000008c800000, 0x000000008c800000, 0x000000008c900000|  0%| F|  |TAMS 0x000000008c800000, 0x000000008c800000| Untracked 
| 117|0x000000008c900000, 0x000000008c900000, 0x000000008ca00000|  0%| F|  |TAMS 0x000000008c900000, 0x000000008c900000| Untracked 
| 118|0x000000008ca00000, 0x000000008ca00000, 0x000000008cb00000|  0%| F|  |TAMS 0x000000008ca00000, 0x000000008ca00000| Untracked 
| 119|0x000000008cb00000, 0x000000008cb00000, 0x000000008cc00000|  0%| F|  |TAMS 0x000000008cb00000, 0x000000008cb00000| Untracked 
| 120|0x000000008cc00000, 0x000000008cc00000, 0x000000008cd00000|  0%| F|  |TAMS 0x000000008cc00000, 0x000000008cc00000| Untracked 
| 121|0x000000008cd00000, 0x000000008ce00000, 0x000000008ce00000|100%| E|  |TAMS 0x000000008cd00000, 0x000000008cd00000| Complete 
| 122|0x000000008ce00000, 0x000000008cf00000, 0x000000008cf00000|100%| E|CS|TAMS 0x000000008ce00000, 0x000000008ce00000| Complete 
| 123|0x000000008cf00000, 0x000000008d000000, 0x000000008d000000|100%| E|CS|TAMS 0x000000008cf00000, 0x000000008cf00000| Complete 

Card table byte_map: [0x000002a96a2f0000,0x000002a96a6d0000] _byte_map_base: 0x000002a969ec6000

Marking Bits (Prev, Next): (CMBitMap*) 0x000002a95363bc80, (CMBitMap*) 0x000002a95363bcc0
 Prev Bits: [0x000002a96aab0000, 0x000002a96c960000)
 Next Bits: [0x000002a96c960000, 0x000002a96e810000)

Polling page: 0x000002a9513c0000

Metaspace:

Usage:
  Non-class:      2.18 MB used.
      Class:    231.45 KB used.
       Both:      2.40 MB used.

Virtual space:
  Non-class space:       64.00 MB reserved,       2.25 MB (  4%) committed,  1 nodes.
      Class space:        1.00 GB reserved,     320.00 KB ( <1%) committed,  1 nodes.
             Both:        1.06 GB reserved,       2.56 MB ( <1%) committed. 

Chunk freelists:
   Non-Class:  3.93 MB
       Class:  3.71 MB
        Both:  7.64 MB

MaxMetaspaceSize: unlimited
CompressedClassSpaceSize: 1.00 GB
Initial GC threshold: 21.00 MB
Current GC threshold: 21.00 MB
CDS: on
MetaspaceReclaimPolicy: balanced
 - commit_granule_bytes: 65536.
 - commit_granule_words: 8192.
 - virtual_space_node_default_size: 8388608.
 - enlarge_chunks_in_place: 1.
 - new_chunks_are_fully_committed: 0.
 - uncommit_free_chunks: 1.
 - use_allocation_guard: 0.


Internal statistics:

num_allocs_failed_limit: 0.
num_arena_births: 58.
num_arena_deaths: 0.
num_vsnodes_births: 2.
num_vsnodes_deaths: 0.
num_space_committed: 41.
num_space_uncommitted: 0.
num_chunks_returned_to_freelist: 0.
num_chunks_taken_from_freelist: 69.
num_chunk_merges: 0.
num_chunk_splits: 45.
num_chunks_enlarged: 22.
num_inconsistent_stats: 0.

CodeHeap 'non-profiled nmethods': size=120000Kb used=120Kb max_used=120Kb free=119879Kb
 bounds [0x000002a9629e0000, 0x000002a962c50000, 0x000002a969f10000]
CodeHeap 'profiled nmethods': size=120000Kb used=451Kb max_used=451Kb free=119548Kb
 bounds [0x000002a95b4b0000, 0x000002a95b720000, 0x000002a9629e0000]
CodeHeap 'non-nmethods': size=5760Kb used=1175Kb max_used=1175Kb free=4584Kb
 bounds [0x000002a95af10000, 0x000002a95b180000, 0x000002a95b4b0000]
 total_blobs=819 nmethods=359 adapters=373
 compilation: enabled
              stopped_count=0, restarted_count=0
 full_count=0

Compilation events (20 events):
Event: 0.173 Thread 0x000002a970cb6570  349       3       jdk.internal.org.objectweb.asm.SymbolTable::addType (81 bytes)
Event: 0.174 Thread 0x000002a970cb6570 nmethod 349 0x000002a95b519990 code [0x000002a95b519ba0, 0x000002a95b51a0f8]
Event: 0.174 Thread 0x000002a970cb6570  344       3       jdk.internal.org.objectweb.asm.ByteVector::put12 (64 bytes)
Event: 0.174 Thread 0x000002a970cb6570 nmethod 344 0x000002a95b51a390 code [0x000002a95b51a540, 0x000002a95b51a768]
Event: 0.174 Thread 0x000002a970cb6570  348       3       sun.invoke.util.VerifyType::isNullType (18 bytes)
Event: 0.174 Thread 0x000002a970cb6570 nmethod 348 0x000002a95b51a910 code [0x000002a95b51aac0, 0x000002a95b51ac98]
Event: 0.174 Thread 0x000002a970cb6570  352       3       java.lang.invoke.MemberName::getInvocationType (56 bytes)
Event: 0.175 Thread 0x000002a970cb6570 nmethod 352 0x000002a95b51ad10 code [0x000002a95b51af40, 0x000002a95b51b868]
Event: 0.175 Thread 0x000002a970cb6570  353       3       java.lang.invoke.InvokerBytecodeGenerator::emitPushArgument (150 bytes)
Event: 0.175 Thread 0x000002a970cb6570 nmethod 353 0x000002a95b51bb10 code [0x000002a95b51bde0, 0x000002a95b51ccc8]
Event: 0.175 Thread 0x000002a970cb6570  354       3       java.lang.invoke.InvokerBytecodeGenerator::emitLoadInsn (21 bytes)
Event: 0.175 Thread 0x000002a970cb6570 nmethod 354 0x000002a95b51d090 code [0x000002a95b51d240, 0x000002a95b51d498]
Event: 0.175 Thread 0x000002a970cb6570  357       3       java.lang.invoke.LambdaForm::parameterType (9 bytes)
Event: 0.176 Thread 0x000002a970cb6570 nmethod 357 0x000002a95b51d610 code [0x000002a95b51d7c0, 0x000002a95b51d908]
Event: 0.184 Thread 0x000002a970cb6570  358       3       java.lang.invoke.MemberName$Factory::resolveOrFail (79 bytes)
Event: 0.184 Thread 0x000002a970cb6570 nmethod 358 0x000002a95b51da10 code [0x000002a95b51dc20, 0x000002a95b51e3b8]
Event: 0.184 Thread 0x000002a970cb6570  359       3       sun.invoke.util.VerifyAccess::isSamePackage (37 bytes)
Event: 0.184 Thread 0x000002a970cb6570 nmethod 359 0x000002a95b51e690 code [0x000002a95b51e8a0, 0x000002a95b51ee58]
Event: 0.184 Thread 0x000002a970cb6570  360   !   3       java.lang.invoke.MemberName::getFieldType (176 bytes)
Event: 0.186 Thread 0x000002a970cb6570 nmethod 360 0x000002a95b51f090 code [0x000002a95b51f3a0, 0x000002a95b520838]

GC Heap History (0 events):
No events

Deoptimization events (0 events):
No events

Classes loaded (20 events):
Event: 0.187 Loading class sun/java2d/DestSurfaceProvider
Event: 0.187 Loading class sun/java2d/DestSurfaceProvider done
Event: 0.187 Loading class java/awt/image/VolatileImage
Event: 0.187 Loading class java/awt/Image
Event: 0.188 Loading class java/awt/Image done
Event: 0.188 Loading class java/awt/image/VolatileImage done
Event: 0.188 Loading class sun/awt/image/SunVolatileImage done
Event: 0.188 Loading class java/awt/ImageCapabilities
Event: 0.188 Loading class java/awt/ImageCapabilities done
Event: 0.188 Loading class java/awt/Image$1
Event: 0.188 Loading class sun/awt/image/SurfaceManager$ImageAccessor
Event: 0.188 Loading class sun/awt/image/SurfaceManager$ImageAccessor done
Event: 0.188 Loading class java/awt/Image$1 done
Event: 0.188 Loading class sun/awt/image/SurfaceManager
Event: 0.188 Loading class sun/awt/image/SurfaceManager done
Event: 0.188 Loading class sun/awt/image/VolatileSurfaceManager
Event: 0.188 Loading class sun/awt/image/VolatileSurfaceManager done
Event: 0.188 Loading class sun/awt/windows/WDesktopPeer
Event: 0.188 Loading class java/awt/peer/DesktopPeer
Event: 0.188 Loading class java/awt/peer/DesktopPeer done

Classes unloaded (0 events):
No events

Classes redefined (0 events):
No events

Internal exceptions (7 events):
Event: 0.085 Thread 0x000002a9535e1220 Exception <a 'sun/nio/fs/WindowsException'{0x000000008ce3a520}> (0x000000008ce3a520) 
thrown [s\open\src\hotspot\share\prims\jni.cpp, line 516]
Event: 0.085 Thread 0x000002a9535e1220 Exception <a 'sun/nio/fs/WindowsException'{0x000000008ce3aac8}> (0x000000008ce3aac8) 
thrown [s\open\src\hotspot\share\prims\jni.cpp, line 516]
Event: 0.087 Thread 0x000002a9535e1220 Exception <a 'sun/nio/fs/WindowsException'{0x000000008ce3cff0}> (0x000000008ce3cff0) 
thrown [s\open\src\hotspot\share\prims\jni.cpp, line 516]
Event: 0.087 Thread 0x000002a9535e1220 Exception <a 'sun/nio/fs/WindowsException'{0x000000008ce3db58}> (0x000000008ce3db58) 
thrown [s\open\src\hotspot\share\prims\jni.cpp, line 516]
Event: 0.129 Thread 0x000002a9535e1220 Exception <a 'java/lang/ClassNotFoundException'{0x000000008cd0dc10}: sun/awt/resources/spi/awtProvider> (0x000000008cd0dc10) 
thrown [s\open\src\hotspot\share\classfile\systemDictionary.cpp, line 255]
Event: 0.149 Thread 0x000002a9535e1220 Exception <a 'java/io/FileNotFoundException'{0x000000008cd617d8}> (0x000000008cd617d8) 
thrown [s\open\src\hotspot\share\prims\jni.cpp, line 516]
Event: 0.157 Thread 0x000002a9535e1220 Exception <a 'java/io/FileNotFoundException'{0x000000008cd8ea30}> (0x000000008cd8ea30) 
thrown [s\open\src\hotspot\share\prims\jni.cpp, line 516]

VM Operations (2 events):
Event: 0.088 Executing VM operation: HandshakeAllThreads
Event: 0.088 Executing VM operation: HandshakeAllThreads done

Events (20 events):
Event: 0.011 Loaded shared library C:\Program Files\Java\jdk-18.0.2.1\bin\java.dll
Event: 0.023 Loaded shared library C:\Program Files\Java\jdk-18.0.2.1\bin\jsvml.dll
Event: 0.023 Thread 0x000002a9535e1220 Thread added: 0x000002a9535e1220
Event: 0.026 Thread 0x000002a970c8a430 Thread added: 0x000002a970c8a430
Event: 0.027 Thread 0x000002a970c8b2a0 Thread added: 0x000002a970c8b2a0
Event: 0.041 Thread 0x000002a970ca6630 Thread added: 0x000002a970ca6630
Event: 0.041 Thread 0x000002a970ca73e0 Thread added: 0x000002a970ca73e0
Event: 0.042 Thread 0x000002a970ca7ec0 Thread added: 0x000002a970ca7ec0
Event: 0.042 Thread 0x000002a970cabea0 Thread added: 0x000002a970cabea0
Event: 0.042 Thread 0x000002a970cadb80 Thread added: 0x000002a970cadb80
Event: 0.042 Thread 0x000002a970cb6570 Thread added: 0x000002a970cb6570
Event: 0.043 Thread 0x000002a970cc1f40 Thread added: 0x000002a970cc1f40
Event: 0.068 Thread 0x000002a975062de0 Thread added: 0x000002a975062de0
Event: 0.081 Loaded shared library C:\Program Files\Java\jdk-18.0.2.1\bin\net.dll
Event: 0.084 Loaded shared library C:\Program Files\Java\jdk-18.0.2.1\bin\nio.dll
Event: 0.099 Thread 0x000002a9750e1bc0 Thread added: 0x000002a9750e1bc0
Event: 0.106 Thread 0x000002a97511ccd0 Thread added: 0x000002a97511ccd0
Event: 0.106 Loaded shared library C:\Program Files\Java\jdk-18.0.2.1\bin\zip.dll
Event: 0.122 Loaded shared library C:\Program Files\Java\jdk-18.0.2.1\bin\jimage.dll
Event: 0.138 Loaded shared library C:\Program Files\Java\jdk-18.0.2.1\bin\awt.dll


Dynamic libraries:
0x00007ff78ccc0000 - 0x00007ff78ccd0000 	C:\Program Files\Java\jdk-18.0.2.1\bin\java.exe
0x00007ff97f5f0000 - 0x00007ff97f7e8000 	C:\Windows\SYSTEM32\ntdll.dll
0x00007ff97d7b0000 - 0x00007ff97d86f000 	C:\Windows\System32\KERNEL32.DLL
0x00007ff97d350000 - 0x00007ff97d646000 	C:\Windows\System32\KERNELBASE.dll
0x00007ff97a1c0000 - 0x00007ff97a251000 	C:\Windows\SYSTEM32\apphelp.dll
0x00007ff97cfc0000 - 0x00007ff97d0c0000 	C:\Windows\System32\ucrtbase.dll
0x00007ff965580000 - 0x00007ff965598000 	C:\Program Files\Java\jdk-18.0.2.1\bin\jli.dll
0x00007ff974c60000 - 0x00007ff974c7a000 	C:\Program Files\Java\jdk-18.0.2.1\bin\VCRUNTIME140.dll
0x00007ff97e410000 - 0x00007ff97e4bf000 	C:\Windows\System32\ADVAPI32.dll
0x00007ff97e840000 - 0x00007ff97e8de000 	C:\Windows\System32\msvcrt.dll
0x00007ff97f1c0000 - 0x00007ff97f25c000 	C:\Windows\System32\sechost.dll
0x00007ff97e4c0000 - 0x00007ff97e5e6000 	C:\Windows\System32\RPCRT4.dll
0x00007ff97db20000 - 0x00007ff97dcbd000 	C:\Windows\System32\USER32.dll
0x00007ff97d0c0000 - 0x00007ff97d0e2000 	C:\Windows\System32\win32u.dll
0x00007ff970c10000 - 0x00007ff970eaa000 	C:\Windows\WinSxS\amd64_microsoft.windows.common-controls_6595b64144ccf1df_6.0.19041.1110_none_60b5254171f9507e\COMCTL32.dll
0x00007ff97daf0000 - 0x00007ff97db1c000 	C:\Windows\System32\GDI32.dll
0x00007ff97d0f0000 - 0x00007ff97d205000 	C:\Windows\System32\gdi32full.dll
0x00007ff97d210000 - 0x00007ff97d2ad000 	C:\Windows\System32\msvcp_win.dll
0x00007ff9759a0000 - 0x00007ff9759aa000 	C:\Windows\SYSTEM32\VERSION.dll
0x00007ff97f2c0000 - 0x00007ff97f2f0000 	C:\Windows\System32\IMM32.DLL
0x00007ff976650000 - 0x00007ff97665c000 	C:\Program Files\Java\jdk-18.0.2.1\bin\vcruntime140_1.dll
0x00007ff94ec50000 - 0x00007ff94ecdd000 	C:\Program Files\Java\jdk-18.0.2.1\bin\msvcp140.dll
0x00007ff916f30000 - 0x00007ff917b41000 	C:\Program Files\Java\jdk-18.0.2.1\bin\server\jvm.dll
0x00007ff97e8e0000 - 0x00007ff97e8e8000 	C:\Windows\System32\PSAPI.DLL
0x00007ff97ac50000 - 0x00007ff97ac59000 	C:\Windows\SYSTEM32\WSOCK32.dll
0x00007ff9713d0000 - 0x00007ff9713f7000 	C:\Windows\SYSTEM32\WINMM.dll
0x00007ff97f150000 - 0x00007ff97f1bb000 	C:\Windows\System32\WS2_32.dll
0x00007ff97b520000 - 0x00007ff97b532000 	C:\Windows\SYSTEM32\kernel.appcore.dll
0x00007ff976490000 - 0x00007ff97649a000 	C:\Program Files\Java\jdk-18.0.2.1\bin\jimage.dll
0x00007ff97aa40000 - 0x00007ff97ac24000 	C:\Windows\SYSTEM32\DBGHELP.DLL
0x00007ff973b80000 - 0x00007ff973bb4000 	C:\Windows\SYSTEM32\dbgcore.DLL
0x00007ff97cee0000 - 0x00007ff97cf62000 	C:\Windows\System32\bcryptPrimitives.dll
0x00007ff965640000 - 0x00007ff965665000 	C:\Program Files\Java\jdk-18.0.2.1\bin\java.dll
0x00007ff94f650000 - 0x00007ff94f726000 	C:\Program Files\Java\jdk-18.0.2.1\bin\jsvml.dll
0x00007ff97dcc0000 - 0x00007ff97e404000 	C:\Windows\System32\SHELL32.dll
0x00007ff97ac60000 - 0x00007ff97b3f3000 	C:\Windows\SYSTEM32\windows.storage.dll
0x00007ff97ed70000 - 0x00007ff97f0c4000 	C:\Windows\System32\combase.dll
0x00007ff97c650000 - 0x00007ff97c67e000 	C:\Windows\SYSTEM32\Wldp.dll
0x00007ff97f4a0000 - 0x00007ff97f54d000 	C:\Windows\System32\SHCORE.dll
0x00007ff97e730000 - 0x00007ff97e785000 	C:\Windows\System32\shlwapi.dll
0x00007ff97cc10000 - 0x00007ff97cc2f000 	C:\Windows\SYSTEM32\profapi.dll
0x00007ff95fd50000 - 0x00007ff95fd63000 	C:\Program Files\Java\jdk-18.0.2.1\bin\net.dll
0x00007ff973db0000 - 0x00007ff973eba000 	C:\Windows\SYSTEM32\WINHTTP.dll
0x00007ff97c3b0000 - 0x00007ff97c41a000 	C:\Windows\system32\mswsock.dll
0x00007ff9590b0000 - 0x00007ff9590c6000 	C:\Program Files\Java\jdk-18.0.2.1\bin\nio.dll
0x00007ff958c70000 - 0x00007ff958c88000 	C:\Program Files\Java\jdk-18.0.2.1\bin\zip.dll
0x00007ff9258c0000 - 0x00007ff925a4f000 	C:\Program Files\Java\jdk-18.0.2.1\bin\awt.dll
0x00007ff97da20000 - 0x00007ff97daed000 	C:\Windows\System32\OLEAUT32.dll

dbghelp: loaded successfully - version: 4.0.5 - missing functions: none
symbol engine: initialized successfully - sym options: 0x614 - pdb path: .;C:\Program Files\Java\jdk-18.0.2.1\bin;C:\Windows\SYSTEM32;C:\Windows\WinSxS\amd64_microsoft.windows.common-controls_6595b64144ccf1df_6.0.19041.1110_none_60b5254171f9507e;C:\Program Files\Java\jdk-18.0.2.1\bin\server

VM Arguments:
jvm_args: -Dfile.encoding=UTF-8 --module-path=C:\Users\delll\Documents\NetBeansProjects\Village Data Management System\build\classes 
java_command: village.data.management.system.AddVillagers
java_class_path (initial): C:\Users\delll\Downloads\mysql-connector-java-8.0.28.jar;C:\Users\delll\Downloads\jcalendar-tz-1.3.3-4.jar;C:\Users\delll\Documents\NetBeansProjects\Village Data Management System\build\classes
Launcher Type: SUN_STANDARD

[Global flags]
     intx CICompilerCount                          = 3                                         {product} {ergonomic}
     uint ConcGCThreads                            = 1                                         {product} {ergonomic}
     uint G1ConcRefinementThreads                  = 4                                         {product} {ergonomic}
   size_t G1HeapRegionSize                         = 1048576                                   {product} {ergonomic}
    uintx GCDrainStackTargetSize                   = 64                                        {product} {ergonomic}
   size_t InitialHeapSize                          = 130023424                                 {product} {ergonomic}
   size_t MarkStackSize                            = 4194304                                   {product} {ergonomic}
   size_t MaxHeapSize                              = 2059403264                                {product} {ergonomic}
   size_t MaxNewSize                               = 1235222528                                {product} {ergonomic}
   size_t MinHeapDeltaBytes                        = 1048576                                   {product} {ergonomic}
   size_t MinHeapSize                              = 8388608                                   {product} {ergonomic}
    uintx NonNMethodCodeHeapSize                   = 5832780                                {pd product} {ergonomic}
    uintx NonProfiledCodeHeapSize                  = 122912730                              {pd product} {ergonomic}
    uintx ProfiledCodeHeapSize                     = 122912730                              {pd product} {ergonomic}
    uintx ReservedCodeCacheSize                    = 251658240                              {pd product} {ergonomic}
     bool SegmentedCodeCache                       = true                                      {product} {ergonomic}
   size_t SoftMaxHeapSize                          = 2059403264                             {manageable} {ergonomic}
     bool UseCompressedClassPointers               = true                           {product lp64_product} {ergonomic}
     bool UseCompressedOops                        = true                           {product lp64_product} {ergonomic}
     bool UseG1GC                                  = true                                      {product} {ergonomic}
     bool UseLargePagesIndividualAllocation        = false                                  {pd product} {ergonomic}

Logging:
Log output configuration:
 #0: stdout all=warning uptime,level,tags foldmultilines=false
 #1: stderr all=off uptime,level,tags foldmultilines=false

Environment Variables:
JAVA_HOME=C:\Program Files\Java\jdk-18.0.2.1
PATH=C:\Python311\Scripts\;C:\Python311\;C:\Program Files\Common Files\Oracle\Java\javapath;C:\Windows\system32;C:\Windows;C:\Windows\System32\Wbem;C:\Windows\System32\WindowsPowerShell\v1.0\;C:\Windows\System32\OpenSSH\;C:\Program Files\Java\jdk-18.0.2.1\bin;C:\Program Files\Git\cmd;C:\Program Files\nodejs\;C:\ProgramData\chocolatey\bin;C:\Users\delll\AppData\Local\Microsoft\WindowsApps;;C:\Users\delll\AppData\Local\Programs\Microsoft VS Code\bin;C:\Users\delll\AppData\Roaming\npm
USERNAME=delll
OS=Windows_NT
PROCESSOR_IDENTIFIER=Intel64 Family 6 Model 94 Stepping 3, GenuineIntel



---------------  S Y S T E M  ---------------

OS:
 Windows 10 , 64 bit Build 19041 (10.0.19041.2913)
OS uptime: 10 days 10:49 hours

CPU: total 4 (initial active 4) (4 cores per cpu, 1 threads per core) family 6 model 94 stepping 3 microcode 0xcc, cx8, cmov, fxsr, mmx, 3dnowpref, sse, sse2, sse3, ssse3, sse4.1, sse4.2, popcnt, lzcnt, tsc, tscinvbit, avx, avx2, aes, erms, clmul, bmi1, bmi2, rtm, adx, fma, vzeroupper, clflush, clflushopt

Memory: 4k page, system-wide physical 7854M (580M free)
TotalPageFile size 22949M (AvailPageFile size 5M)
current process WorkingSet (physical memory assigned to process): 40M, peak: 40M
current process commit charge ("private bytes"): 201M, peak: 201M

vm_info: Java HotSpot(TM) 64-Bit Server VM (18.0.2.1+1-1) for windows-amd64 JRE (18.0.2.1+1-1), built on Aug 16 2022 01:46:33 by "mach5one" with MS VC++ 16.8 / 16.9 (VS2019)

END.
